1215 DEBUG [2014-03-06 02:32:40]  Request:
1217 DEBUG [2014-03-06 02:32:40]  GET:https://api.weibo.com/2/comments/show.json
1218 DEBUG [2014-03-06 02:32:40]  Authorization: OAuth2 2.00jcof_Cq3jyKE7ddb08a8440dj2qo
1218 DEBUG [2014-03-06 02:32:40]  API-RemoteIP: 192.168.1.13
1397 DEBUG [2014-03-06 02:32:40]  Response:
1397 DEBUG [2014-03-06 02:32:40]  https StatusCode:200
1397 DEBUG [2014-03-06 02:32:40]  Server:nginx/1.2.0
1397 DEBUG [2014-03-06 02:32:40]  Date:Wed, 05 Mar 2014 18:32:44 GMT
1398 DEBUG [2014-03-06 02:32:40]  Content-Type:application/json;charset=UTF-8
1398 DEBUG [2014-03-06 02:32:40]  Transfer-Encoding:chunked
1398 DEBUG [2014-03-06 02:32:40]  Connection:keep-alive
1398 DEBUG [2014-03-06 02:32:40]  Api-Server-IP:10.77.108.42
1398 DEBUG [2014-03-06 02:32:40]  Vary:Accept-Encoding
1398 WARN  [2014-03-06 02:32:40]  Going to buffer response body of large or unknown size. Using getResponseBodyAsStream instead is recommended.
1398 DEBUG [2014-03-06 02:32:40]  {"comments":[],"marks":[],"hasvisible":false,"previous_cursor":0,"next_cursor":0,"total_number":0}

1649 DEBUG [2014-03-06 02:32:40]  Request:
1649 DEBUG [2014-03-06 02:32:40]  GET:https://api.weibo.com/2/comments/show.json
1649 DEBUG [2014-03-06 02:32:40]  Authorization: OAuth2 2.00jcof_Cq3jyKE7ddb08a8440dj2qo
1649 DEBUG [2014-03-06 02:32:40]  API-RemoteIP: 192.168.1.13
1704 DEBUG [2014-03-06 02:32:40]  Response:
1705 DEBUG [2014-03-06 02:32:40]  https StatusCode:200
1705 DEBUG [2014-03-06 02:32:40]  Server:nginx/1.2.0
1705 DEBUG [2014-03-06 02:32:40]  Date:Wed, 05 Mar 2014 18:32:44 GMT
1705 DEBUG [2014-03-06 02:32:40]  Content-Type:application/json;charset=UTF-8
1705 DEBUG [2014-03-06 02:32:40]  Transfer-Encoding:chunked
1705 DEBUG [2014-03-06 02:32:40]  Connection:keep-alive
1705 DEBUG [2014-03-06 02:32:40]  Api-Server-IP:10.77.108.55
1705 DEBUG [2014-03-06 02:32:40]  Vary:Accept-Encoding
1705 WARN  [2014-03-06 02:32:40]  Going to buffer response body of large or unknown size. Using getResponseBodyAsStream instead is recommended.
1705 DEBUG [2014-03-06 02:32:40]  {"comments":[],"marks":[],"hasvisible":false,"previous_cursor":0,"next_cursor":0,"total_number":0}

1956 DEBUG [2014-03-06 02:32:41]  Request:
1956 DEBUG [2014-03-06 02:32:41]  GET:https://api.weibo.com/2/comments/show.json
1956 DEBUG [2014-03-06 02:32:41]  Authorization: OAuth2 2.00jcof_Cq3jyKE7ddb08a8440dj2qo
1956 DEBUG [2014-03-06 02:32:41]  API-RemoteIP: 192.168.1.13
2011 DEBUG [2014-03-06 02:32:41]  Response:
2011 DEBUG [2014-03-06 02:32:41]  https StatusCode:200
2011 DEBUG [2014-03-06 02:32:41]  Server:nginx/1.2.0
2011 DEBUG [2014-03-06 02:32:41]  Date:Wed, 05 Mar 2014 18:32:44 GMT
2011 DEBUG [2014-03-06 02:32:41]  Content-Type:application/json;charset=UTF-8
2011 DEBUG [2014-03-06 02:32:41]  Transfer-Encoding:chunked
2011 DEBUG [2014-03-06 02:32:41]  Connection:keep-alive
2011 DEBUG [2014-03-06 02:32:41]  Api-Server-IP:10.77.108.39
2011 DEBUG [2014-03-06 02:32:41]  Vary:Accept-Encoding
2012 WARN  [2014-03-06 02:32:41]  Going to buffer response body of large or unknown size. Using getResponseBodyAsStream instead is recommended.
2012 DEBUG [2014-03-06 02:32:41]  {"comments":[],"marks":[],"hasvisible":false,"previous_cursor":0,"next_cursor":0,"total_number":0}

2262 DEBUG [2014-03-06 02:32:41]  Request:
2262 DEBUG [2014-03-06 02:32:41]  GET:https://api.weibo.com/2/comments/show.json
2262 DEBUG [2014-03-06 02:32:41]  Authorization: OAuth2 2.00jcof_Cq3jyKE7ddb08a8440dj2qo
2262 DEBUG [2014-03-06 02:32:41]  API-RemoteIP: 192.168.1.13
2316 DEBUG [2014-03-06 02:32:41]  Response:
2317 DEBUG [2014-03-06 02:32:41]  https StatusCode:200
2317 DEBUG [2014-03-06 02:32:41]  Server:nginx/1.2.0
2317 DEBUG [2014-03-06 02:32:41]  Date:Wed, 05 Mar 2014 18:32:45 GMT
2317 DEBUG [2014-03-06 02:32:41]  Content-Type:application/json;charset=UTF-8
2317 DEBUG [2014-03-06 02:32:41]  Transfer-Encoding:chunked
2317 DEBUG [2014-03-06 02:32:41]  Connection:keep-alive
2317 DEBUG [2014-03-06 02:32:41]  Api-Server-IP:10.77.108.41
2317 DEBUG [2014-03-06 02:32:41]  Vary:Accept-Encoding
2317 WARN  [2014-03-06 02:32:41]  Going to buffer response body of large or unknown size. Using getResponseBodyAsStream instead is recommended.
2317 DEBUG [2014-03-06 02:32:41]  {"comments":[],"marks":[],"hasvisible":false,"previous_cursor":0,"next_cursor":0,"total_number":0}

2568 DEBUG [2014-03-06 02:32:41]  Request:
2568 DEBUG [2014-03-06 02:32:41]  GET:https://api.weibo.com/2/comments/show.json
2568 DEBUG [2014-03-06 02:32:41]  Authorization: OAuth2 2.00jcof_Cq3jyKE7ddb08a8440dj2qo
2568 DEBUG [2014-03-06 02:32:41]  API-RemoteIP: 192.168.1.13
2626 DEBUG [2014-03-06 02:32:41]  Response:
2626 DEBUG [2014-03-06 02:32:41]  https StatusCode:200
2626 DEBUG [2014-03-06 02:32:41]  Server:nginx/1.2.0
2626 DEBUG [2014-03-06 02:32:41]  Date:Wed, 05 Mar 2014 18:32:45 GMT
2626 DEBUG [2014-03-06 02:32:41]  Content-Type:application/json;charset=UTF-8
2626 DEBUG [2014-03-06 02:32:41]  Transfer-Encoding:chunked
2626 DEBUG [2014-03-06 02:32:41]  Connection:keep-alive
2626 DEBUG [2014-03-06 02:32:41]  Api-Server-IP:10.77.108.45
2626 DEBUG [2014-03-06 02:32:41]  Vary:Accept-Encoding
2626 WARN  [2014-03-06 02:32:41]  Going to buffer response body of large or unknown size. Using getResponseBodyAsStream instead is recommended.
2627 DEBUG [2014-03-06 02:32:41]  {"comments":[],"marks":[],"hasvisible":false,"previous_cursor":0,"next_cursor":0,"total_number":0}

2877 DEBUG [2014-03-06 02:32:42]  Request:
2877 DEBUG [2014-03-06 02:32:42]  GET:https://api.weibo.com/2/comments/show.json
2877 DEBUG [2014-03-06 02:32:42]  Authorization: OAuth2 2.00jcof_Cq3jyKE7ddb08a8440dj2qo
2877 DEBUG [2014-03-06 02:32:42]  API-RemoteIP: 192.168.1.13
2956 DEBUG [2014-03-06 02:32:42]  Response:
2956 DEBUG [2014-03-06 02:32:42]  https StatusCode:200
2956 DEBUG [2014-03-06 02:32:42]  Server:nginx/1.2.0
2956 DEBUG [2014-03-06 02:32:42]  Date:Wed, 05 Mar 2014 18:32:45 GMT
2956 DEBUG [2014-03-06 02:32:42]  Content-Type:application/json;charset=UTF-8
2956 DEBUG [2014-03-06 02:32:42]  Transfer-Encoding:chunked
2956 DEBUG [2014-03-06 02:32:42]  Connection:keep-alive
2956 DEBUG [2014-03-06 02:32:42]  Api-Server-IP:10.77.108.53
2956 DEBUG [2014-03-06 02:32:42]  Vary:Accept-Encoding
2956 WARN  [2014-03-06 02:32:42]  Going to buffer response body of large or unknown size. Using getResponseBodyAsStream instead is recommended.
2956 DEBUG [2014-03-06 02:32:42]  {"comments":[],"marks":[],"hasvisible":false,"previous_cursor":0,"next_cursor":0,"total_number":0}

3207 DEBUG [2014-03-06 02:32:42]  Request:
3207 DEBUG [2014-03-06 02:32:42]  GET:https://api.weibo.com/2/comments/show.json
3207 DEBUG [2014-03-06 02:32:42]  Authorization: OAuth2 2.00jcof_Cq3jyKE7ddb08a8440dj2qo
3207 DEBUG [2014-03-06 02:32:42]  API-RemoteIP: 192.168.1.13
3262 DEBUG [2014-03-06 02:32:42]  Response:
3262 DEBUG [2014-03-06 02:32:42]  https StatusCode:200
3262 DEBUG [2014-03-06 02:32:42]  Server:nginx/1.2.0
3262 DEBUG [2014-03-06 02:32:42]  Date:Wed, 05 Mar 2014 18:32:46 GMT
3262 DEBUG [2014-03-06 02:32:42]  Content-Type:application/json;charset=UTF-8
3262 DEBUG [2014-03-06 02:32:42]  Transfer-Encoding:chunked
3262 DEBUG [2014-03-06 02:32:42]  Connection:keep-alive
3262 DEBUG [2014-03-06 02:32:42]  Api-Server-IP:10.77.108.54
3262 DEBUG [2014-03-06 02:32:42]  Vary:Accept-Encoding
3262 WARN  [2014-03-06 02:32:42]  Going to buffer response body of large or unknown size. Using getResponseBodyAsStream instead is recommended.
3263 DEBUG [2014-03-06 02:32:42]  {"comments":[],"marks":[],"hasvisible":false,"previous_cursor":0,"next_cursor":0,"total_number":0}

3513 DEBUG [2014-03-06 02:32:42]  Request:
3513 DEBUG [2014-03-06 02:32:42]  GET:https://api.weibo.com/2/comments/show.json
3513 DEBUG [2014-03-06 02:32:42]  Authorization: OAuth2 2.00jcof_Cq3jyKE7ddb08a8440dj2qo
3513 DEBUG [2014-03-06 02:32:42]  API-RemoteIP: 192.168.1.13
3569 DEBUG [2014-03-06 02:32:42]  Response:
3569 DEBUG [2014-03-06 02:32:42]  https StatusCode:200
3569 DEBUG [2014-03-06 02:32:42]  Server:nginx/1.2.0
3569 DEBUG [2014-03-06 02:32:42]  Date:Wed, 05 Mar 2014 18:32:46 GMT
3569 DEBUG [2014-03-06 02:32:42]  Content-Type:application/json;charset=UTF-8
3569 DEBUG [2014-03-06 02:32:42]  Transfer-Encoding:chunked
3569 DEBUG [2014-03-06 02:32:42]  Connection:keep-alive
3569 DEBUG [2014-03-06 02:32:42]  Api-Server-IP:10.77.108.57
3570 DEBUG [2014-03-06 02:32:42]  Vary:Accept-Encoding
3570 WARN  [2014-03-06 02:32:42]  Going to buffer response body of large or unknown size. Using getResponseBodyAsStream instead is recommended.
3570 DEBUG [2014-03-06 02:32:42]  {"comments":[],"marks":[],"hasvisible":false,"previous_cursor":0,"next_cursor":0,"total_number":0}

3820 DEBUG [2014-03-06 02:32:42]  Request:
3820 DEBUG [2014-03-06 02:32:42]  GET:https://api.weibo.com/2/comments/show.json
3820 DEBUG [2014-03-06 02:32:42]  Authorization: OAuth2 2.00jcof_Cq3jyKE7ddb08a8440dj2qo
3820 DEBUG [2014-03-06 02:32:42]  API-RemoteIP: 192.168.1.13
3873 DEBUG [2014-03-06 02:32:43]  Response:
3873 DEBUG [2014-03-06 02:32:43]  https StatusCode:200
3873 DEBUG [2014-03-06 02:32:43]  Server:nginx/1.2.0
3873 DEBUG [2014-03-06 02:32:43]  Date:Wed, 05 Mar 2014 18:32:46 GMT
3873 DEBUG [2014-03-06 02:32:43]  Content-Type:application/json;charset=UTF-8
3873 DEBUG [2014-03-06 02:32:43]  Transfer-Encoding:chunked
3873 DEBUG [2014-03-06 02:32:43]  Connection:keep-alive
3874 DEBUG [2014-03-06 02:32:43]  Api-Server-IP:10.77.108.42
3874 DEBUG [2014-03-06 02:32:43]  Vary:Accept-Encoding
3874 WARN  [2014-03-06 02:32:43]  Going to buffer response body of large or unknown size. Using getResponseBodyAsStream instead is recommended.
3874 DEBUG [2014-03-06 02:32:43]  {"comments":[],"marks":[],"hasvisible":false,"previous_cursor":0,"next_cursor":0,"total_number":0}

4124 DEBUG [2014-03-06 02:32:43]  Request:
4124 DEBUG [2014-03-06 02:32:43]  GET:https://api.weibo.com/2/comments/show.json
4124 DEBUG [2014-03-06 02:32:43]  Authorization: OAuth2 2.00jcof_Cq3jyKE7ddb08a8440dj2qo
4124 DEBUG [2014-03-06 02:32:43]  API-RemoteIP: 192.168.1.13
4179 DEBUG [2014-03-06 02:32:43]  Response:
4179 DEBUG [2014-03-06 02:32:43]  https StatusCode:200
4179 DEBUG [2014-03-06 02:32:43]  Server:nginx/1.2.0
4179 DEBUG [2014-03-06 02:32:43]  Date:Wed, 05 Mar 2014 18:32:46 GMT
4179 DEBUG [2014-03-06 02:32:43]  Content-Type:application/json;charset=UTF-8
4179 DEBUG [2014-03-06 02:32:43]  Transfer-Encoding:chunked
4180 DEBUG [2014-03-06 02:32:43]  Connection:keep-alive
4180 DEBUG [2014-03-06 02:32:43]  Api-Server-IP:10.77.108.39
4180 DEBUG [2014-03-06 02:32:43]  Vary:Accept-Encoding
4180 WARN  [2014-03-06 02:32:43]  Going to buffer response body of large or unknown size. Using getResponseBodyAsStream instead is recommended.
4180 DEBUG [2014-03-06 02:32:43]  {"comments":[],"marks":[],"hasvisible":false,"previous_cursor":0,"next_cursor":0,"total_number":0}

4430 DEBUG [2014-03-06 02:32:43]  Request:
4430 DEBUG [2014-03-06 02:32:43]  GET:https://api.weibo.com/2/comments/show.json
4430 DEBUG [2014-03-06 02:32:43]  Authorization: OAuth2 2.00jcof_Cq3jyKE7ddb08a8440dj2qo
4430 DEBUG [2014-03-06 02:32:43]  API-RemoteIP: 192.168.1.13
4486 DEBUG [2014-03-06 02:32:43]  Response:
4486 DEBUG [2014-03-06 02:32:43]  https StatusCode:200
4486 DEBUG [2014-03-06 02:32:43]  Server:nginx/1.2.0
4486 DEBUG [2014-03-06 02:32:43]  Date:Wed, 05 Mar 2014 18:32:47 GMT
4486 DEBUG [2014-03-06 02:32:43]  Content-Type:application/json;charset=UTF-8
4486 DEBUG [2014-03-06 02:32:43]  Transfer-Encoding:chunked
4486 DEBUG [2014-03-06 02:32:43]  Connection:keep-alive
4486 DEBUG [2014-03-06 02:32:43]  Api-Server-IP:10.77.108.51
4486 DEBUG [2014-03-06 02:32:43]  Vary:Accept-Encoding
4486 WARN  [2014-03-06 02:32:43]  Going to buffer response body of large or unknown size. Using getResponseBodyAsStream instead is recommended.
4487 DEBUG [2014-03-06 02:32:43]  {"comments":[],"marks":[],"hasvisible":false,"previous_cursor":0,"next_cursor":0,"total_number":0}

4737 DEBUG [2014-03-06 02:32:43]  Request:
4737 DEBUG [2014-03-06 02:32:43]  GET:https://api.weibo.com/2/comments/show.json
4737 DEBUG [2014-03-06 02:32:43]  Authorization: OAuth2 2.00jcof_Cq3jyKE7ddb08a8440dj2qo
4737 DEBUG [2014-03-06 02:32:43]  API-RemoteIP: 192.168.1.13
4796 DEBUG [2014-03-06 02:32:43]  Response:
4796 DEBUG [2014-03-06 02:32:43]  https StatusCode:200
4796 DEBUG [2014-03-06 02:32:43]  Server:nginx/1.2.0
4796 DEBUG [2014-03-06 02:32:43]  Date:Wed, 05 Mar 2014 18:32:47 GMT
4796 DEBUG [2014-03-06 02:32:43]  Content-Type:application/json;charset=UTF-8
4796 DEBUG [2014-03-06 02:32:43]  Transfer-Encoding:chunked
4796 DEBUG [2014-03-06 02:32:43]  Connection:keep-alive
4796 DEBUG [2014-03-06 02:32:43]  Api-Server-IP:10.77.108.44
4796 DEBUG [2014-03-06 02:32:43]  Vary:Accept-Encoding
4796 WARN  [2014-03-06 02:32:43]  Going to buffer response body of large or unknown size. Using getResponseBodyAsStream instead is recommended.
4796 DEBUG [2014-03-06 02:32:43]  {"comments":[],"marks":[],"hasvisible":false,"previous_cursor":0,"next_cursor":0,"total_number":0}

5047 DEBUG [2014-03-06 02:32:44]  Request:
5047 DEBUG [2014-03-06 02:32:44]  GET:https://api.weibo.com/2/comments/show.json
5048 DEBUG [2014-03-06 02:32:44]  Authorization: OAuth2 2.00jcof_Cq3jyKE7ddb08a8440dj2qo
5048 DEBUG [2014-03-06 02:32:44]  API-RemoteIP: 192.168.1.13
5156 DEBUG [2014-03-06 02:32:44]  Response:
5156 DEBUG [2014-03-06 02:32:44]  https StatusCode:200
5156 DEBUG [2014-03-06 02:32:44]  Server:nginx/1.2.0
5156 DEBUG [2014-03-06 02:32:44]  Date:Wed, 05 Mar 2014 18:32:47 GMT
5156 DEBUG [2014-03-06 02:32:44]  Content-Type:application/json;charset=UTF-8
5156 DEBUG [2014-03-06 02:32:44]  Transfer-Encoding:chunked
5157 DEBUG [2014-03-06 02:32:44]  Connection:keep-alive
5157 DEBUG [2014-03-06 02:32:44]  Api-Server-IP:10.77.108.37
5157 DEBUG [2014-03-06 02:32:44]  Vary:Accept-Encoding
5157 WARN  [2014-03-06 02:32:44]  Going to buffer response body of large or unknown size. Using getResponseBodyAsStream instead is recommended.
5157 DEBUG [2014-03-06 02:32:44]  {"comments":[{"created_at":"Wed Mar 05 23:21:10 +0800 2014","id":3684903306212142,"text":"再不把状态找回来就被黑成翔了","source":"<a href=\"http://app.weibo.com/t/feed/c66T5g\" rel=\"nofollow\">Android客户端</a>","user":{"id":3315767161,"idstr":"3315767161","class":1,"screen_name":"Nacherichter耳朵","name":"Nacherichter耳朵","province":"61","city":"4","location":"陕西 咸阳","description":"都是自己选择的路。都加油吧。  圭贤。  允浩。  13。  5。  贤敏。   允在。","url":"","profile_image_url":"http://tp2.sinaimg.cn/3315767161/50/5685148917/0","profile_url":"u/3315767161","domain":"","weihao":"","gender":"f","followers_count":113,"friends_count":87,"statuses_count":12414,"favourites_count":2837,"created_at":"Tue Apr 23 09:48:47 +0800 2013","following":false,"allow_all_act_msg":false,"geo_enabled":true,"verified":false,"verified_type":-1,"remark":"","ptype":0,"allow_all_comment":true,"avatar_large":"http://tp2.sinaimg.cn/3315767161/180/5685148917/0","avatar_hd":"http://ww4.sinaimg.cn/crop.0.0.320.320.1024/c5a29779jw8ecpr86i8lmj208w08wdg1.jpg","verified_reason":"","follow_me":false,"online_status":0,"bi_followers_count":50,"lang":"zh-cn","star":0,"mbtype":0,"mbrank":0,"block_word":0},"mid":"3684903306212142","idstr":"3684903306212142","status":{"created_at":"Wed Mar 05 22:23:44 +0800 2014","id":3684888840980780,"mid":"3684888840980780","idstr":"3684888840980780","text":"@Nacherichter耳朵 噗，笑的好灿烂","source":"<a href=\"http://app.weibo.com/t/feed/c66T5g\" rel=\"nofollow\">Android客户端</a>","favorited":false,"truncated":false,"in_reply_to_status_id":"","in_reply_to_user_id":"","in_reply_to_screen_name":"","pic_urls":[],"geo":null,"user":{"id":2811615865,"idstr":"2811615865","class":1,"screen_name":"逗逼木头累不爱","name":"逗逼木头累不爱","province":"34","city":"1","location":"安徽 合肥","description":"广播剧填编策_清醒纪|CP_ @我是面瘫吴凡凡|仙妖，本命草菇|基三风雨大姨妈|破厂球迷_阿森纳|","url":"","profile_image_url":"http://tp2.sinaimg.cn/2811615865/50/5686551373/1","cover_image_phone":"http://ww3.sinaimg.cn/crop.0.0.640.640.640/6ce2240djw1e9114p3hudj20hs0hs427.jpg","profile_url":"u/2811615865","domain":"","weihao":"","gender":"m","followers_count":1152,"friends_count":179,"statuses_count":679,"favourites_count":29,"created_at":"Thu Jun 14 09:25:01 +0800 2012","following":false,"allow_all_act_msg":false,"geo_enabled":true,"verified":false,"verified_type":220,"remark":"","ptype":0,"allow_all_comment":true,"avatar_large":"http://tp2.sinaimg.cn/2811615865/180/5686551373/1","avatar_hd":"http://ww2.sinaimg.cn/crop.0.0.320.320.1024/a795da79jw8ed8isx0a75j208w08wq33.jpg","verified_reason":"","follow_me":false,"online_status":0,"bi_followers_count":86,"lang":"zh-cn","star":0,"mbtype":2,"mbrank":1,"block_word":0},"retweeted_status":{"created_at":"Wed Mar 05 21:57:00 +0800 2014","id":3684882112708967,"mid":"3684882112708967","idstr":"3684882112708967","text":"厄齐尔更新instagram","source":"<a href=\"http://weibo.com/\" rel=\"nofollow\">新浪微博</a>","favorited":false,"truncated":false,"in_reply_to_status_id":"","in_reply_to_user_id":"","in_reply_to_screen_name":"","pic_urls":[{"thumbnail_pic":"http://ww1.sinaimg.cn/thumbnail/76ab0e8fgw1ee57z4n8i9j20hs0hstam.jpg"}],"thumbnail_pic":"http://ww1.sinaimg.cn/thumbnail/76ab0e8fgw1ee57z4n8i9j20hs0hstam.jpg","bmiddle_pic":"http://ww1.sinaimg.cn/bmiddle/76ab0e8fgw1ee57z4n8i9j20hs0hstam.jpg","original_pic":"http://ww1.sinaimg.cn/large/76ab0e8fgw1ee57z4n8i9j20hs0hstam.jpg","geo":null,"user":{"id":1990921871,"idstr":"1990921871","class":1,"screen_name":"阿森纳新闻","name":"阿森纳新闻","province":"11","city":"8","location":"北京 海淀区","description":"新浪体育滚动播报阿森纳新闻，枪手球迷的互动交流平台。欢迎爆料、投稿，请发私信或者邮件： sports2009@vip.sina.com","url":"","profile_image_url":"http://tp4.sinaimg.cn/1990921871/50/5661907364/1","cover_image":"http://ww1.sinaimg.cn/crop.0.35.980.300/76ab0e8fjw1e7eefegvuzj20r80i4dp7.jpg","profile_url":"arsenalnews","domain":"arsenalnews","weihao":"","gender":"m","followers_count":266258,"friends_count":171,"statuses_count":16253,"favourites_count":104,"created_at":"Fri Feb 25 14:46:48 +0800 2011","following":false,"allow_all_act_msg":true,"geo_enabled":true,"verified":true,"verified_type":3,"remark":"","ptype":0,"allow_all_comment":true,"avatar_large":"http://tp4.sinaimg.cn/1990921871/180/5661907364/1","avatar_hd":"http://tp4.sinaimg.cn/1990921871/180/5661907364/1","verified_reason":"新浪体育滚动播报阿森纳新闻","follow_me":false,"online_status":0,"bi_followers_count":146,"lang":"zh-cn","star":0,"mbtype":0,"mbrank":0,"block_word":0},"reposts_count":0,"comments_count":0,"attitudes_count":0,"mlevel":0,"visible":{"type":0,"list_id":0}},"annotations":[{"client_mblogid":"edf55e22-b309-42d9-adbf-6998c0cd21db"}],"reposts_count":0,"comments_count":0,"attitudes_count":0,"mlevel":0,"visible":{"type":0,"list_id":0}}}],"marks":[],"hasvisible":false,"previous_cursor":0,"next_cursor":0,"total_number":1}

5409 DEBUG [2014-03-06 02:32:44]  Request:
5409 DEBUG [2014-03-06 02:32:44]  GET:https://api.weibo.com/2/comments/show.json
5409 DEBUG [2014-03-06 02:32:44]  Authorization: OAuth2 2.00jcof_Cq3jyKE7ddb08a8440dj2qo
5409 DEBUG [2014-03-06 02:32:44]  API-RemoteIP: 192.168.1.13
5517 DEBUG [2014-03-06 02:32:44]  Response:
5517 DEBUG [2014-03-06 02:32:44]  https StatusCode:200
5517 DEBUG [2014-03-06 02:32:44]  Server:nginx/1.2.0
5517 DEBUG [2014-03-06 02:32:44]  Date:Wed, 05 Mar 2014 18:32:48 GMT
5517 DEBUG [2014-03-06 02:32:44]  Content-Type:application/json;charset=UTF-8
5518 DEBUG [2014-03-06 02:32:44]  Transfer-Encoding:chunked
5518 DEBUG [2014-03-06 02:32:44]  Connection:keep-alive
5518 DEBUG [2014-03-06 02:32:44]  Api-Server-IP:10.77.108.48
5518 DEBUG [2014-03-06 02:32:44]  Vary:Accept-Encoding
5518 WARN  [2014-03-06 02:32:44]  Going to buffer response body of large or unknown size. Using getResponseBodyAsStream instead is recommended.
5518 DEBUG [2014-03-06 02:32:44]  {"comments":[{"created_at":"Wed Mar 05 23:21:10 +0800 2014","id":3684903306212142,"text":"再不把状态找回来就被黑成翔了","source":"<a href=\"http://app.weibo.com/t/feed/c66T5g\" rel=\"nofollow\">Android客户端</a>","user":{"id":3315767161,"idstr":"3315767161","class":1,"screen_name":"Nacherichter耳朵","name":"Nacherichter耳朵","province":"61","city":"4","location":"陕西 咸阳","description":"都是自己选择的路。都加油吧。  圭贤。  允浩。  13。  5。  贤敏。   允在。","url":"","profile_image_url":"http://tp2.sinaimg.cn/3315767161/50/5685148917/0","profile_url":"u/3315767161","domain":"","weihao":"","gender":"f","followers_count":113,"friends_count":87,"statuses_count":12414,"favourites_count":2837,"created_at":"Tue Apr 23 09:48:47 +0800 2013","following":false,"allow_all_act_msg":false,"geo_enabled":true,"verified":false,"verified_type":-1,"remark":"","ptype":0,"allow_all_comment":true,"avatar_large":"http://tp2.sinaimg.cn/3315767161/180/5685148917/0","avatar_hd":"http://ww4.sinaimg.cn/crop.0.0.320.320.1024/c5a29779jw8ecpr86i8lmj208w08wdg1.jpg","verified_reason":"","follow_me":false,"online_status":0,"bi_followers_count":50,"lang":"zh-cn","star":0,"mbtype":0,"mbrank":0,"block_word":0},"mid":"3684903306212142","idstr":"3684903306212142","status":{"created_at":"Wed Mar 05 22:23:44 +0800 2014","id":3684888840980780,"mid":"3684888840980780","idstr":"3684888840980780","text":"@Nacherichter耳朵 噗，笑的好灿烂","source":"<a href=\"http://app.weibo.com/t/feed/c66T5g\" rel=\"nofollow\">Android客户端</a>","favorited":false,"truncated":false,"in_reply_to_status_id":"","in_reply_to_user_id":"","in_reply_to_screen_name":"","pic_urls":[],"geo":null,"user":{"id":2811615865,"idstr":"2811615865","class":1,"screen_name":"逗逼木头累不爱","name":"逗逼木头累不爱","province":"34","city":"1","location":"安徽 合肥","description":"广播剧填编策_清醒纪|CP_ @我是面瘫吴凡凡|仙妖，本命草菇|基三风雨大姨妈|破厂球迷_阿森纳|","url":"","profile_image_url":"http://tp2.sinaimg.cn/2811615865/50/5686551373/1","cover_image_phone":"http://ww3.sinaimg.cn/crop.0.0.640.640.640/6ce2240djw1e9114p3hudj20hs0hs427.jpg","profile_url":"u/2811615865","domain":"","weihao":"","gender":"m","followers_count":1152,"friends_count":179,"statuses_count":679,"favourites_count":29,"created_at":"Thu Jun 14 09:25:01 +0800 2012","following":false,"allow_all_act_msg":false,"geo_enabled":true,"verified":false,"verified_type":220,"remark":"","ptype":0,"allow_all_comment":true,"avatar_large":"http://tp2.sinaimg.cn/2811615865/180/5686551373/1","avatar_hd":"http://ww2.sinaimg.cn/crop.0.0.320.320.1024/a795da79jw8ed8isx0a75j208w08wq33.jpg","verified_reason":"","follow_me":false,"online_status":0,"bi_followers_count":86,"lang":"zh-cn","star":0,"mbtype":2,"mbrank":1,"block_word":0},"retweeted_status":{"created_at":"Wed Mar 05 21:57:00 +0800 2014","id":3684882112708967,"mid":"3684882112708967","idstr":"3684882112708967","text":"厄齐尔更新instagram","source":"<a href=\"http://weibo.com/\" rel=\"nofollow\">新浪微博</a>","favorited":false,"truncated":false,"in_reply_to_status_id":"","in_reply_to_user_id":"","in_reply_to_screen_name":"","pic_urls":[{"thumbnail_pic":"http://ww1.sinaimg.cn/thumbnail/76ab0e8fgw1ee57z4n8i9j20hs0hstam.jpg"}],"thumbnail_pic":"http://ww1.sinaimg.cn/thumbnail/76ab0e8fgw1ee57z4n8i9j20hs0hstam.jpg","bmiddle_pic":"http://ww1.sinaimg.cn/bmiddle/76ab0e8fgw1ee57z4n8i9j20hs0hstam.jpg","original_pic":"http://ww1.sinaimg.cn/large/76ab0e8fgw1ee57z4n8i9j20hs0hstam.jpg","geo":null,"user":{"id":1990921871,"idstr":"1990921871","class":1,"screen_name":"阿森纳新闻","name":"阿森纳新闻","province":"11","city":"8","location":"北京 海淀区","description":"新浪体育滚动播报阿森纳新闻，枪手球迷的互动交流平台。欢迎爆料、投稿，请发私信或者邮件： sports2009@vip.sina.com","url":"","profile_image_url":"http://tp4.sinaimg.cn/1990921871/50/5661907364/1","cover_image":"http://ww1.sinaimg.cn/crop.0.35.980.300/76ab0e8fjw1e7eefegvuzj20r80i4dp7.jpg","profile_url":"arsenalnews","domain":"arsenalnews","weihao":"","gender":"m","followers_count":266258,"friends_count":171,"statuses_count":16253,"favourites_count":104,"created_at":"Fri Feb 25 14:46:48 +0800 2011","following":false,"allow_all_act_msg":true,"geo_enabled":true,"verified":true,"verified_type":3,"remark":"","ptype":0,"allow_all_comment":true,"avatar_large":"http://tp4.sinaimg.cn/1990921871/180/5661907364/1","avatar_hd":"http://tp4.sinaimg.cn/1990921871/180/5661907364/1","verified_reason":"新浪体育滚动播报阿森纳新闻","follow_me":false,"online_status":0,"bi_followers_count":146,"lang":"zh-cn","star":0,"mbtype":0,"mbrank":0,"block_word":0},"reposts_count":0,"comments_count":0,"attitudes_count":0,"mlevel":0,"visible":{"type":0,"list_id":0}},"annotations":[{"client_mblogid":"edf55e22-b309-42d9-adbf-6998c0cd21db"}],"reposts_count":0,"comments_count":0,"attitudes_count":0,"mlevel":0,"visible":{"type":0,"list_id":0}}}],"marks":[],"hasvisible":false,"previous_cursor":0,"next_cursor":0,"total_number":1}

5770 DEBUG [2014-03-06 02:32:44]  Request:
5770 DEBUG [2014-03-06 02:32:44]  GET:https://api.weibo.com/2/comments/show.json
5771 DEBUG [2014-03-06 02:32:44]  Authorization: OAuth2 2.00jcof_Cq3jyKE7ddb08a8440dj2qo
5771 DEBUG [2014-03-06 02:32:44]  API-RemoteIP: 192.168.1.13
5826 DEBUG [2014-03-06 02:32:44]  Response:
5826 DEBUG [2014-03-06 02:32:44]  https StatusCode:200
5826 DEBUG [2014-03-06 02:32:44]  Server:nginx/1.2.0
5826 DEBUG [2014-03-06 02:32:44]  Date:Wed, 05 Mar 2014 18:32:48 GMT
5826 DEBUG [2014-03-06 02:32:44]  Content-Type:application/json;charset=UTF-8
5826 DEBUG [2014-03-06 02:32:44]  Transfer-Encoding:chunked
5826 DEBUG [2014-03-06 02:32:44]  Connection:keep-alive
5826 DEBUG [2014-03-06 02:32:44]  Api-Server-IP:10.77.108.43
5826 DEBUG [2014-03-06 02:32:44]  Vary:Accept-Encoding
5826 WARN  [2014-03-06 02:32:44]  Going to buffer response body of large or unknown size. Using getResponseBodyAsStream instead is recommended.
5826 DEBUG [2014-03-06 02:32:44]  {"comments":[],"marks":[],"hasvisible":false,"previous_cursor":0,"next_cursor":0,"total_number":0}

6077 DEBUG [2014-03-06 02:32:45]  Request:
6077 DEBUG [2014-03-06 02:32:45]  GET:https://api.weibo.com/2/comments/show.json
6077 DEBUG [2014-03-06 02:32:45]  Authorization: OAuth2 2.00jcof_Cq3jyKE7ddb08a8440dj2qo
6077 DEBUG [2014-03-06 02:32:45]  API-RemoteIP: 192.168.1.13
6132 DEBUG [2014-03-06 02:32:45]  Response:
6132 DEBUG [2014-03-06 02:32:45]  https StatusCode:200
6133 DEBUG [2014-03-06 02:32:45]  Server:nginx/1.2.0
6133 DEBUG [2014-03-06 02:32:45]  Date:Wed, 05 Mar 2014 18:32:48 GMT
6133 DEBUG [2014-03-06 02:32:45]  Content-Type:application/json;charset=UTF-8
6133 DEBUG [2014-03-06 02:32:45]  Transfer-Encoding:chunked
6133 DEBUG [2014-03-06 02:32:45]  Connection:keep-alive
6133 DEBUG [2014-03-06 02:32:45]  Api-Server-IP:10.77.108.43
6133 DEBUG [2014-03-06 02:32:45]  Vary:Accept-Encoding
6133 WARN  [2014-03-06 02:32:45]  Going to buffer response body of large or unknown size. Using getResponseBodyAsStream instead is recommended.
6133 DEBUG [2014-03-06 02:32:45]  {"comments":[],"marks":[],"hasvisible":false,"previous_cursor":0,"next_cursor":0,"total_number":0}

6383 DEBUG [2014-03-06 02:32:45]  Request:
6383 DEBUG [2014-03-06 02:32:45]  GET:https://api.weibo.com/2/comments/show.json
6383 DEBUG [2014-03-06 02:32:45]  Authorization: OAuth2 2.00jcof_Cq3jyKE7ddb08a8440dj2qo
6383 DEBUG [2014-03-06 02:32:45]  API-RemoteIP: 192.168.1.13
6438 DEBUG [2014-03-06 02:32:45]  Response:
6438 DEBUG [2014-03-06 02:32:45]  https StatusCode:200
6438 DEBUG [2014-03-06 02:32:45]  Server:nginx/1.2.0
6438 DEBUG [2014-03-06 02:32:45]  Date:Wed, 05 Mar 2014 18:32:49 GMT
6438 DEBUG [2014-03-06 02:32:45]  Content-Type:application/json;charset=UTF-8
6438 DEBUG [2014-03-06 02:32:45]  Transfer-Encoding:chunked
6438 DEBUG [2014-03-06 02:32:45]  Connection:keep-alive
6438 DEBUG [2014-03-06 02:32:45]  Api-Server-IP:10.77.108.48
6438 DEBUG [2014-03-06 02:32:45]  Vary:Accept-Encoding
6439 WARN  [2014-03-06 02:32:45]  Going to buffer response body of large or unknown size. Using getResponseBodyAsStream instead is recommended.
6439 DEBUG [2014-03-06 02:32:45]  {"comments":[],"marks":[],"hasvisible":false,"previous_cursor":0,"next_cursor":0,"total_number":0}

6689 DEBUG [2014-03-06 02:32:45]  Request:
6689 DEBUG [2014-03-06 02:32:45]  GET:https://api.weibo.com/2/comments/show.json
6689 DEBUG [2014-03-06 02:32:45]  Authorization: OAuth2 2.00jcof_Cq3jyKE7ddb08a8440dj2qo
6689 DEBUG [2014-03-06 02:32:45]  API-RemoteIP: 192.168.1.13
6746 DEBUG [2014-03-06 02:32:45]  Response:
6746 DEBUG [2014-03-06 02:32:45]  https StatusCode:200
6746 DEBUG [2014-03-06 02:32:45]  Server:nginx/1.2.0
6746 DEBUG [2014-03-06 02:32:45]  Date:Wed, 05 Mar 2014 18:32:49 GMT
6747 DEBUG [2014-03-06 02:32:45]  Content-Type:application/json;charset=UTF-8
6747 DEBUG [2014-03-06 02:32:45]  Transfer-Encoding:chunked
6747 DEBUG [2014-03-06 02:32:45]  Connection:keep-alive
6747 DEBUG [2014-03-06 02:32:45]  Api-Server-IP:10.77.108.56
6747 DEBUG [2014-03-06 02:32:45]  Vary:Accept-Encoding
6747 WARN  [2014-03-06 02:32:45]  Going to buffer response body of large or unknown size. Using getResponseBodyAsStream instead is recommended.
6747 DEBUG [2014-03-06 02:32:45]  {"comments":[],"marks":[],"hasvisible":false,"previous_cursor":0,"next_cursor":0,"total_number":0}

6997 DEBUG [2014-03-06 02:32:46]  Request:
6997 DEBUG [2014-03-06 02:32:46]  GET:https://api.weibo.com/2/comments/show.json
6997 DEBUG [2014-03-06 02:32:46]  Authorization: OAuth2 2.00jcof_Cq3jyKE7ddb08a8440dj2qo
6997 DEBUG [2014-03-06 02:32:46]  API-RemoteIP: 192.168.1.13
7166 DEBUG [2014-03-06 02:32:46]  Response:
7166 DEBUG [2014-03-06 02:32:46]  https StatusCode:200
7166 DEBUG [2014-03-06 02:32:46]  Server:nginx/1.2.0
7167 DEBUG [2014-03-06 02:32:46]  Date:Wed, 05 Mar 2014 18:32:49 GMT
7167 DEBUG [2014-03-06 02:32:46]  Content-Type:application/json;charset=UTF-8
7167 DEBUG [2014-03-06 02:32:46]  Transfer-Encoding:chunked
7167 DEBUG [2014-03-06 02:32:46]  Connection:keep-alive
7167 DEBUG [2014-03-06 02:32:46]  Api-Server-IP:10.77.108.50
7167 DEBUG [2014-03-06 02:32:46]  Vary:Accept-Encoding
7167 WARN  [2014-03-06 02:32:46]  Going to buffer response body of large or unknown size. Using getResponseBodyAsStream instead is recommended.
7168 DEBUG [2014-03-06 02:32:46]  {"comments":[{"created_at":"Wed Mar 05 23:51:21 +0800 2014","id":3684910890392175,"text":"我会多拍几张这几个人的照片。。。","source":"<a href=\"http://weibo.com/\" rel=\"nofollow\">新浪微博</a>","user":{"id":1217422387,"idstr":"1217422387","class":1,"screen_name":"七七Potato","name":"七七Potato","province":"100","city":"1000","location":"其他","description":"慢慢飞，飞低一点也不要紧","url":"","profile_image_url":"http://tp4.sinaimg.cn/1217422387/50/5660358490/0","profile_url":"u/1217422387","domain":"","weihao":"","gender":"f","followers_count":386,"friends_count":312,"statuses_count":3869,"favourites_count":135,"created_at":"Thu May 06 10:14:24 +0800 2010","following":false,"allow_all_act_msg":false,"geo_enabled":false,"verified":false,"verified_type":-1,"remark":"","ptype":0,"allow_all_comment":false,"avatar_large":"http://tp4.sinaimg.cn/1217422387/180/5660358490/0","avatar_hd":"http://tp4.sinaimg.cn/1217422387/180/5660358490/0","verified_reason":"","follow_me":false,"online_status":0,"bi_followers_count":132,"lang":"zh-cn","star":0,"mbtype":0,"mbrank":0,"block_word":0},"mid":"3684910890392175","idstr":"3684910890392175","status":{"created_at":"Wed Mar 05 22:04:34 +0800 2014","id":3684884020900497,"mid":"3684884020900497","idstr":"3684884020900497","text":"刚才老婆说她要去现场看球，说会有2个阿森纳的，我说3个，现在看有4@七七Potato 个","source":"<a href=\"http://app.weibo.com/t/feed/9ksdit\" rel=\"nofollow\">iPhone客户端</a>","favorited":false,"truncated":false,"in_reply_to_status_id":"","in_reply_to_user_id":"","in_reply_to_screen_name":"","pic_urls":[],"geo":null,"user":{"id":1062409121,"idstr":"1062409121","class":1,"screen_name":"吉米蒋_武汉","name":"吉米蒋_武汉","province":"42","city":"1","location":"湖北 武汉","description":"","url":"","profile_image_url":"http://tp2.sinaimg.cn/1062409121/50/5660358592/1","cover_image_phone":"http://ww2.sinaimg.cn/crop.0.0.640.640.640/6ce2240djw1e9obtvhgdyj20hs0hsgpg.jpg","profile_url":"dittowuhan","domain":"dittowuhan","weihao":"","gender":"m","followers_count":131,"friends_count":141,"statuses_count":1302,"favourites_count":11,"created_at":"Wed Feb 09 21:15:00 +0800 2011","following":false,"allow_all_act_msg":false,"geo_enabled":false,"verified":false,"verified_type":-1,"remark":"","ptype":0,"allow_all_comment":false,"avatar_large":"http://tp2.sinaimg.cn/1062409121/180/5660358592/1","avatar_hd":"http://tp2.sinaimg.cn/1062409121/180/5660358592/1","verified_reason":"","follow_me":false,"online_status":0,"bi_followers_count":49,"lang":"zh-cn","star":0,"mbtype":0,"mbrank":0,"block_word":0},"retweeted_status":{"created_at":"Wed Mar 05 21:57:00 +0800 2014","id":3684882112708967,"mid":"3684882112708967","idstr":"3684882112708967","text":"厄齐尔更新instagram","source":"<a href=\"http://weibo.com/\" rel=\"nofollow\">新浪微博</a>","favorited":false,"truncated":false,"in_reply_to_status_id":"","in_reply_to_user_id":"","in_reply_to_screen_name":"","pic_urls":[{"thumbnail_pic":"http://ww1.sinaimg.cn/thumbnail/76ab0e8fgw1ee57z4n8i9j20hs0hstam.jpg"}],"thumbnail_pic":"http://ww1.sinaimg.cn/thumbnail/76ab0e8fgw1ee57z4n8i9j20hs0hstam.jpg","bmiddle_pic":"http://ww1.sinaimg.cn/bmiddle/76ab0e8fgw1ee57z4n8i9j20hs0hstam.jpg","original_pic":"http://ww1.sinaimg.cn/large/76ab0e8fgw1ee57z4n8i9j20hs0hstam.jpg","geo":null,"user":{"id":1990921871,"idstr":"1990921871","class":1,"screen_name":"阿森纳新闻","name":"阿森纳新闻","province":"11","city":"8","location":"北京 海淀区","description":"新浪体育滚动播报阿森纳新闻，枪手球迷的互动交流平台。欢迎爆料、投稿，请发私信或者邮件： sports2009@vip.sina.com","url":"","profile_image_url":"http://tp4.sinaimg.cn/1990921871/50/5661907364/1","cover_image":"http://ww1.sinaimg.cn/crop.0.35.980.300/76ab0e8fjw1e7eefegvuzj20r80i4dp7.jpg","profile_url":"arsenalnews","domain":"arsenalnews","weihao":"","gender":"m","followers_count":266258,"friends_count":171,"statuses_count":16253,"favourites_count":104,"created_at":"Fri Feb 25 14:46:48 +0800 2011","following":false,"allow_all_act_msg":true,"geo_enabled":true,"verified":true,"verified_type":3,"remark":"","ptype":0,"allow_all_comment":true,"avatar_large":"http://tp4.sinaimg.cn/1990921871/180/5661907364/1","avatar_hd":"http://tp4.sinaimg.cn/1990921871/180/5661907364/1","verified_reason":"新浪体育滚动播报阿森纳新闻","follow_me":false,"online_status":0,"bi_followers_count":146,"lang":"zh-cn","star":0,"mbtype":0,"mbrank":0,"block_word":0},"reposts_count":0,"comments_count":0,"attitudes_count":0,"mlevel":0,"visible":{"type":0,"list_id":0}},"reposts_count":0,"comments_count":0,"attitudes_count":0,"mlevel":0,"visible":{"type":0,"list_id":0}}}],"marks":[],"hasvisible":false,"previous_cursor":0,"next_cursor":0,"total_number":1}

7419 DEBUG [2014-03-06 02:32:46]  Request:
7419 DEBUG [2014-03-06 02:32:46]  GET:https://api.weibo.com/2/comments/show.json
7419 DEBUG [2014-03-06 02:32:46]  Authorization: OAuth2 2.00jcof_Cq3jyKE7ddb08a8440dj2qo
7419 DEBUG [2014-03-06 02:32:46]  API-RemoteIP: 192.168.1.13
7523 DEBUG [2014-03-06 02:32:46]  Response:
7524 DEBUG [2014-03-06 02:32:46]  https StatusCode:200
7524 DEBUG [2014-03-06 02:32:46]  Server:nginx/1.2.0
7524 DEBUG [2014-03-06 02:32:46]  Date:Wed, 05 Mar 2014 18:32:50 GMT
7524 DEBUG [2014-03-06 02:32:46]  Content-Type:application/json;charset=UTF-8
7524 DEBUG [2014-03-06 02:32:46]  Transfer-Encoding:chunked
7524 DEBUG [2014-03-06 02:32:46]  Connection:keep-alive
7524 DEBUG [2014-03-06 02:32:46]  Api-Server-IP:10.77.108.52
7524 DEBUG [2014-03-06 02:32:46]  Vary:Accept-Encoding
7524 WARN  [2014-03-06 02:32:46]  Going to buffer response body of large or unknown size. Using getResponseBodyAsStream instead is recommended.
7524 DEBUG [2014-03-06 02:32:46]  {"comments":[{"created_at":"Wed Mar 05 23:51:21 +0800 2014","id":3684910890392175,"text":"我会多拍几张这几个人的照片。。。","source":"<a href=\"http://weibo.com/\" rel=\"nofollow\">新浪微博</a>","user":{"id":1217422387,"idstr":"1217422387","class":1,"screen_name":"七七Potato","name":"七七Potato","province":"100","city":"1000","location":"其他","description":"慢慢飞，飞低一点也不要紧","url":"","profile_image_url":"http://tp4.sinaimg.cn/1217422387/50/5660358490/0","profile_url":"u/1217422387","domain":"","weihao":"","gender":"f","followers_count":386,"friends_count":312,"statuses_count":3869,"favourites_count":135,"created_at":"Thu May 06 10:14:24 +0800 2010","following":false,"allow_all_act_msg":false,"geo_enabled":false,"verified":false,"verified_type":-1,"remark":"","ptype":0,"allow_all_comment":false,"avatar_large":"http://tp4.sinaimg.cn/1217422387/180/5660358490/0","avatar_hd":"http://tp4.sinaimg.cn/1217422387/180/5660358490/0","verified_reason":"","follow_me":false,"online_status":0,"bi_followers_count":132,"lang":"zh-cn","star":0,"mbtype":0,"mbrank":0,"block_word":0},"mid":"3684910890392175","idstr":"3684910890392175","status":{"created_at":"Wed Mar 05 22:04:34 +0800 2014","id":3684884020900497,"mid":"3684884020900497","idstr":"3684884020900497","text":"刚才老婆说她要去现场看球，说会有2个阿森纳的，我说3个，现在看有4@七七Potato 个","source":"<a href=\"http://app.weibo.com/t/feed/9ksdit\" rel=\"nofollow\">iPhone客户端</a>","favorited":false,"truncated":false,"in_reply_to_status_id":"","in_reply_to_user_id":"","in_reply_to_screen_name":"","pic_urls":[],"geo":null,"user":{"id":1062409121,"idstr":"1062409121","class":1,"screen_name":"吉米蒋_武汉","name":"吉米蒋_武汉","province":"42","city":"1","location":"湖北 武汉","description":"","url":"","profile_image_url":"http://tp2.sinaimg.cn/1062409121/50/5660358592/1","cover_image_phone":"http://ww2.sinaimg.cn/crop.0.0.640.640.640/6ce2240djw1e9obtvhgdyj20hs0hsgpg.jpg","profile_url":"dittowuhan","domain":"dittowuhan","weihao":"","gender":"m","followers_count":131,"friends_count":141,"statuses_count":1302,"favourites_count":11,"created_at":"Wed Feb 09 21:15:00 +0800 2011","following":false,"allow_all_act_msg":false,"geo_enabled":false,"verified":false,"verified_type":-1,"remark":"","ptype":0,"allow_all_comment":false,"avatar_large":"http://tp2.sinaimg.cn/1062409121/180/5660358592/1","avatar_hd":"http://tp2.sinaimg.cn/1062409121/180/5660358592/1","verified_reason":"","follow_me":false,"online_status":0,"bi_followers_count":49,"lang":"zh-cn","star":0,"mbtype":0,"mbrank":0,"block_word":0},"retweeted_status":{"created_at":"Wed Mar 05 21:57:00 +0800 2014","id":3684882112708967,"mid":"3684882112708967","idstr":"3684882112708967","text":"厄齐尔更新instagram","source":"<a href=\"http://weibo.com/\" rel=\"nofollow\">新浪微博</a>","favorited":false,"truncated":false,"in_reply_to_status_id":"","in_reply_to_user_id":"","in_reply_to_screen_name":"","pic_urls":[{"thumbnail_pic":"http://ww1.sinaimg.cn/thumbnail/76ab0e8fgw1ee57z4n8i9j20hs0hstam.jpg"}],"thumbnail_pic":"http://ww1.sinaimg.cn/thumbnail/76ab0e8fgw1ee57z4n8i9j20hs0hstam.jpg","bmiddle_pic":"http://ww1.sinaimg.cn/bmiddle/76ab0e8fgw1ee57z4n8i9j20hs0hstam.jpg","original_pic":"http://ww1.sinaimg.cn/large/76ab0e8fgw1ee57z4n8i9j20hs0hstam.jpg","geo":null,"user":{"id":1990921871,"idstr":"1990921871","class":1,"screen_name":"阿森纳新闻","name":"阿森纳新闻","province":"11","city":"8","location":"北京 海淀区","description":"新浪体育滚动播报阿森纳新闻，枪手球迷的互动交流平台。欢迎爆料、投稿，请发私信或者邮件： sports2009@vip.sina.com","url":"","profile_image_url":"http://tp4.sinaimg.cn/1990921871/50/5661907364/1","cover_image":"http://ww1.sinaimg.cn/crop.0.35.980.300/76ab0e8fjw1e7eefegvuzj20r80i4dp7.jpg","profile_url":"arsenalnews","domain":"arsenalnews","weihao":"","gender":"m","followers_count":266258,"friends_count":171,"statuses_count":16253,"favourites_count":104,"created_at":"Fri Feb 25 14:46:48 +0800 2011","following":false,"allow_all_act_msg":true,"geo_enabled":true,"verified":true,"verified_type":3,"remark":"","ptype":0,"allow_all_comment":true,"avatar_large":"http://tp4.sinaimg.cn/1990921871/180/5661907364/1","avatar_hd":"http://tp4.sinaimg.cn/1990921871/180/5661907364/1","verified_reason":"新浪体育滚动播报阿森纳新闻","follow_me":false,"online_status":0,"bi_followers_count":146,"lang":"zh-cn","star":0,"mbtype":0,"mbrank":0,"block_word":0},"reposts_count":0,"comments_count":0,"attitudes_count":0,"mlevel":0,"visible":{"type":0,"list_id":0}},"reposts_count":0,"comments_count":0,"attitudes_count":0,"mlevel":0,"visible":{"type":0,"list_id":0}}}],"marks":[],"hasvisible":false,"previous_cursor":0,"next_cursor":0,"total_number":1}

7776 DEBUG [2014-03-06 02:32:46]  Request:
7776 DEBUG [2014-03-06 02:32:46]  GET:https://api.weibo.com/2/comments/show.json
7776 DEBUG [2014-03-06 02:32:46]  Authorization: OAuth2 2.00jcof_Cq3jyKE7ddb08a8440dj2qo
7776 DEBUG [2014-03-06 02:32:46]  API-RemoteIP: 192.168.1.13
7830 DEBUG [2014-03-06 02:32:46]  Response:
7830 DEBUG [2014-03-06 02:32:46]  https StatusCode:200
7830 DEBUG [2014-03-06 02:32:46]  Server:nginx/1.2.0
7830 DEBUG [2014-03-06 02:32:46]  Date:Wed, 05 Mar 2014 18:32:50 GMT
7830 DEBUG [2014-03-06 02:32:46]  Content-Type:application/json;charset=UTF-8
7830 DEBUG [2014-03-06 02:32:46]  Transfer-Encoding:chunked
7830 DEBUG [2014-03-06 02:32:46]  Connection:keep-alive
7830 DEBUG [2014-03-06 02:32:46]  Api-Server-IP:10.77.108.41
7830 DEBUG [2014-03-06 02:32:46]  Vary:Accept-Encoding
7830 WARN  [2014-03-06 02:32:46]  Going to buffer response body of large or unknown size. Using getResponseBodyAsStream instead is recommended.
7831 DEBUG [2014-03-06 02:32:46]  {"comments":[],"marks":[],"hasvisible":false,"previous_cursor":0,"next_cursor":0,"total_number":0}

8081 DEBUG [2014-03-06 02:32:47]  Request:
8081 DEBUG [2014-03-06 02:32:47]  GET:https://api.weibo.com/2/comments/show.json
8081 DEBUG [2014-03-06 02:32:47]  Authorization: OAuth2 2.00jcof_Cq3jyKE7ddb08a8440dj2qo
8081 DEBUG [2014-03-06 02:32:47]  API-RemoteIP: 192.168.1.13
8140 DEBUG [2014-03-06 02:32:47]  Response:
8140 DEBUG [2014-03-06 02:32:47]  https StatusCode:200
8140 DEBUG [2014-03-06 02:32:47]  Server:nginx/1.2.0
8140 DEBUG [2014-03-06 02:32:47]  Date:Wed, 05 Mar 2014 18:32:50 GMT
8140 DEBUG [2014-03-06 02:32:47]  Content-Type:application/json;charset=UTF-8
8140 DEBUG [2014-03-06 02:32:47]  Transfer-Encoding:chunked
8140 DEBUG [2014-03-06 02:32:47]  Connection:keep-alive
8141 DEBUG [2014-03-06 02:32:47]  Api-Server-IP:10.77.108.52
8141 DEBUG [2014-03-06 02:32:47]  Vary:Accept-Encoding
8141 WARN  [2014-03-06 02:32:47]  Going to buffer response body of large or unknown size. Using getResponseBodyAsStream instead is recommended.
8141 DEBUG [2014-03-06 02:32:47]  {"comments":[],"marks":[],"hasvisible":false,"previous_cursor":0,"next_cursor":0,"total_number":0}

8391 DEBUG [2014-03-06 02:32:47]  Request:
8391 DEBUG [2014-03-06 02:32:47]  GET:https://api.weibo.com/2/comments/show.json
8391 DEBUG [2014-03-06 02:32:47]  Authorization: OAuth2 2.00jcof_Cq3jyKE7ddb08a8440dj2qo
8391 DEBUG [2014-03-06 02:32:47]  API-RemoteIP: 192.168.1.13
8446 DEBUG [2014-03-06 02:32:47]  Response:
8446 DEBUG [2014-03-06 02:32:47]  https StatusCode:200
8446 DEBUG [2014-03-06 02:32:47]  Server:nginx/1.2.0
8446 DEBUG [2014-03-06 02:32:47]  Date:Wed, 05 Mar 2014 18:32:51 GMT
8446 DEBUG [2014-03-06 02:32:47]  Content-Type:application/json;charset=UTF-8
8446 DEBUG [2014-03-06 02:32:47]  Transfer-Encoding:chunked
8446 DEBUG [2014-03-06 02:32:47]  Connection:keep-alive
8446 DEBUG [2014-03-06 02:32:47]  Api-Server-IP:10.77.108.47
8446 DEBUG [2014-03-06 02:32:47]  Vary:Accept-Encoding
8446 WARN  [2014-03-06 02:32:47]  Going to buffer response body of large or unknown size. Using getResponseBodyAsStream instead is recommended.
8447 DEBUG [2014-03-06 02:32:47]  {"comments":[],"marks":[],"hasvisible":false,"previous_cursor":0,"next_cursor":0,"total_number":0}

8697 DEBUG [2014-03-06 02:32:47]  Request:
8697 DEBUG [2014-03-06 02:32:47]  GET:https://api.weibo.com/2/comments/show.json
8697 DEBUG [2014-03-06 02:32:47]  Authorization: OAuth2 2.00jcof_Cq3jyKE7ddb08a8440dj2qo
8697 DEBUG [2014-03-06 02:32:47]  API-RemoteIP: 192.168.1.13
8753 DEBUG [2014-03-06 02:32:47]  Response:
8753 DEBUG [2014-03-06 02:32:47]  https StatusCode:200
8753 DEBUG [2014-03-06 02:32:47]  Server:nginx/1.2.0
8753 DEBUG [2014-03-06 02:32:47]  Date:Wed, 05 Mar 2014 18:32:51 GMT
8753 DEBUG [2014-03-06 02:32:47]  Content-Type:application/json;charset=UTF-8
8753 DEBUG [2014-03-06 02:32:47]  Transfer-Encoding:chunked
8753 DEBUG [2014-03-06 02:32:47]  Connection:keep-alive
8753 DEBUG [2014-03-06 02:32:47]  Api-Server-IP:10.77.108.53
8753 DEBUG [2014-03-06 02:32:47]  Vary:Accept-Encoding
8753 WARN  [2014-03-06 02:32:47]  Going to buffer response body of large or unknown size. Using getResponseBodyAsStream instead is recommended.
8753 DEBUG [2014-03-06 02:32:47]  {"comments":[],"marks":[],"hasvisible":false,"previous_cursor":0,"next_cursor":0,"total_number":0}

9004 DEBUG [2014-03-06 02:32:48]  Request:
9004 DEBUG [2014-03-06 02:32:48]  GET:https://api.weibo.com/2/comments/show.json
9004 DEBUG [2014-03-06 02:32:48]  Authorization: OAuth2 2.00jcof_Cq3jyKE7ddb08a8440dj2qo
9004 DEBUG [2014-03-06 02:32:48]  API-RemoteIP: 192.168.1.13
9059 DEBUG [2014-03-06 02:32:48]  Response:
9059 DEBUG [2014-03-06 02:32:48]  https StatusCode:200
9059 DEBUG [2014-03-06 02:32:48]  Server:nginx/1.2.0
9059 DEBUG [2014-03-06 02:32:48]  Date:Wed, 05 Mar 2014 18:32:51 GMT
9059 DEBUG [2014-03-06 02:32:48]  Content-Type:application/json;charset=UTF-8
9059 DEBUG [2014-03-06 02:32:48]  Transfer-Encoding:chunked
9060 DEBUG [2014-03-06 02:32:48]  Connection:keep-alive
9060 DEBUG [2014-03-06 02:32:48]  Api-Server-IP:10.77.108.49
9060 DEBUG [2014-03-06 02:32:48]  Vary:Accept-Encoding
9060 WARN  [2014-03-06 02:32:48]  Going to buffer response body of large or unknown size. Using getResponseBodyAsStream instead is recommended.
9060 DEBUG [2014-03-06 02:32:48]  {"comments":[],"marks":[],"hasvisible":false,"previous_cursor":0,"next_cursor":0,"total_number":0}

9310 DEBUG [2014-03-06 02:32:48]  Request:
9310 DEBUG [2014-03-06 02:32:48]  GET:https://api.weibo.com/2/comments/show.json
9310 DEBUG [2014-03-06 02:32:48]  Authorization: OAuth2 2.00jcof_Cq3jyKE7ddb08a8440dj2qo
9310 DEBUG [2014-03-06 02:32:48]  API-RemoteIP: 192.168.1.13
9366 DEBUG [2014-03-06 02:32:48]  Response:
9366 DEBUG [2014-03-06 02:32:48]  https StatusCode:200
9366 DEBUG [2014-03-06 02:32:48]  Server:nginx/1.2.0
9366 DEBUG [2014-03-06 02:32:48]  Date:Wed, 05 Mar 2014 18:32:52 GMT
9366 DEBUG [2014-03-06 02:32:48]  Content-Type:application/json;charset=UTF-8
9366 DEBUG [2014-03-06 02:32:48]  Transfer-Encoding:chunked
9366 DEBUG [2014-03-06 02:32:48]  Connection:keep-alive
9366 DEBUG [2014-03-06 02:32:48]  Api-Server-IP:10.77.108.54
9366 DEBUG [2014-03-06 02:32:48]  Vary:Accept-Encoding
9367 WARN  [2014-03-06 02:32:48]  Going to buffer response body of large or unknown size. Using getResponseBodyAsStream instead is recommended.
9367 DEBUG [2014-03-06 02:32:48]  {"comments":[],"marks":[],"hasvisible":false,"previous_cursor":0,"next_cursor":0,"total_number":0}

9617 DEBUG [2014-03-06 02:32:48]  Request:
9617 DEBUG [2014-03-06 02:32:48]  GET:https://api.weibo.com/2/comments/show.json
9617 DEBUG [2014-03-06 02:32:48]  Authorization: OAuth2 2.00jcof_Cq3jyKE7ddb08a8440dj2qo
9617 DEBUG [2014-03-06 02:32:48]  API-RemoteIP: 192.168.1.13
9672 DEBUG [2014-03-06 02:32:48]  Response:
9672 DEBUG [2014-03-06 02:32:48]  https StatusCode:200
9672 DEBUG [2014-03-06 02:32:48]  Server:nginx/1.2.0
9672 DEBUG [2014-03-06 02:32:48]  Date:Wed, 05 Mar 2014 18:32:52 GMT
9672 DEBUG [2014-03-06 02:32:48]  Content-Type:application/json;charset=UTF-8
9672 DEBUG [2014-03-06 02:32:48]  Transfer-Encoding:chunked
9672 DEBUG [2014-03-06 02:32:48]  Connection:keep-alive
9672 DEBUG [2014-03-06 02:32:48]  Api-Server-IP:10.77.108.54
9672 DEBUG [2014-03-06 02:32:48]  Vary:Accept-Encoding
9672 WARN  [2014-03-06 02:32:48]  Going to buffer response body of large or unknown size. Using getResponseBodyAsStream instead is recommended.
9673 DEBUG [2014-03-06 02:32:48]  {"comments":[],"marks":[],"hasvisible":false,"previous_cursor":0,"next_cursor":0,"total_number":0}

9923 DEBUG [2014-03-06 02:32:49]  Request:
9923 DEBUG [2014-03-06 02:32:49]  GET:https://api.weibo.com/2/comments/show.json
9923 DEBUG [2014-03-06 02:32:49]  Authorization: OAuth2 2.00jcof_Cq3jyKE7ddb08a8440dj2qo
9923 DEBUG [2014-03-06 02:32:49]  API-RemoteIP: 192.168.1.13
9977 DEBUG [2014-03-06 02:32:49]  Response:
9977 DEBUG [2014-03-06 02:32:49]  https StatusCode:200
9977 DEBUG [2014-03-06 02:32:49]  Server:nginx/1.2.0
9977 DEBUG [2014-03-06 02:32:49]  Date:Wed, 05 Mar 2014 18:32:52 GMT
9977 DEBUG [2014-03-06 02:32:49]  Content-Type:application/json;charset=UTF-8
9977 DEBUG [2014-03-06 02:32:49]  Transfer-Encoding:chunked
9977 DEBUG [2014-03-06 02:32:49]  Connection:keep-alive
9977 DEBUG [2014-03-06 02:32:49]  Api-Server-IP:10.77.108.41
9977 DEBUG [2014-03-06 02:32:49]  Vary:Accept-Encoding
9977 WARN  [2014-03-06 02:32:49]  Going to buffer response body of large or unknown size. Using getResponseBodyAsStream instead is recommended.
9977 DEBUG [2014-03-06 02:32:49]  {"comments":[],"marks":[],"hasvisible":false,"previous_cursor":0,"next_cursor":0,"total_number":0}

10228 DEBUG [2014-03-06 02:32:49]  Request:
10228 DEBUG [2014-03-06 02:32:49]  GET:https://api.weibo.com/2/comments/show.json
10229 DEBUG [2014-03-06 02:32:49]  Authorization: OAuth2 2.00jcof_Cq3jyKE7ddb08a8440dj2qo
10229 DEBUG [2014-03-06 02:32:49]  API-RemoteIP: 192.168.1.13
10283 DEBUG [2014-03-06 02:32:49]  Response:
10283 DEBUG [2014-03-06 02:32:49]  https StatusCode:200
10283 DEBUG [2014-03-06 02:32:49]  Server:nginx/1.2.0
10283 DEBUG [2014-03-06 02:32:49]  Date:Wed, 05 Mar 2014 18:32:53 GMT
10283 DEBUG [2014-03-06 02:32:49]  Content-Type:application/json;charset=UTF-8
10283 DEBUG [2014-03-06 02:32:49]  Transfer-Encoding:chunked
10283 DEBUG [2014-03-06 02:32:49]  Connection:keep-alive
10284 DEBUG [2014-03-06 02:32:49]  Api-Server-IP:10.77.108.49
10284 DEBUG [2014-03-06 02:32:49]  Vary:Accept-Encoding
10284 WARN  [2014-03-06 02:32:49]  Going to buffer response body of large or unknown size. Using getResponseBodyAsStream instead is recommended.
10284 DEBUG [2014-03-06 02:32:49]  {"comments":[],"marks":[],"hasvisible":false,"previous_cursor":0,"next_cursor":0,"total_number":0}

10534 DEBUG [2014-03-06 02:32:49]  Request:
10534 DEBUG [2014-03-06 02:32:49]  GET:https://api.weibo.com/2/comments/show.json
10534 DEBUG [2014-03-06 02:32:49]  Authorization: OAuth2 2.00jcof_Cq3jyKE7ddb08a8440dj2qo
10534 DEBUG [2014-03-06 02:32:49]  API-RemoteIP: 192.168.1.13
10588 DEBUG [2014-03-06 02:32:49]  Response:
10588 DEBUG [2014-03-06 02:32:49]  https StatusCode:200
10588 DEBUG [2014-03-06 02:32:49]  Server:nginx/1.2.0
10588 DEBUG [2014-03-06 02:32:49]  Date:Wed, 05 Mar 2014 18:32:53 GMT
10589 DEBUG [2014-03-06 02:32:49]  Content-Type:application/json;charset=UTF-8
10589 DEBUG [2014-03-06 02:32:49]  Transfer-Encoding:chunked
10589 DEBUG [2014-03-06 02:32:49]  Connection:keep-alive
10589 DEBUG [2014-03-06 02:32:49]  Api-Server-IP:10.77.108.51
10589 DEBUG [2014-03-06 02:32:49]  Vary:Accept-Encoding
10589 WARN  [2014-03-06 02:32:49]  Going to buffer response body of large or unknown size. Using getResponseBodyAsStream instead is recommended.
10589 DEBUG [2014-03-06 02:32:49]  {"comments":[],"marks":[],"hasvisible":false,"previous_cursor":0,"next_cursor":0,"total_number":0}

10839 DEBUG [2014-03-06 02:32:50]  Request:
10839 DEBUG [2014-03-06 02:32:50]  GET:https://api.weibo.com/2/comments/show.json
10839 DEBUG [2014-03-06 02:32:50]  Authorization: OAuth2 2.00jcof_Cq3jyKE7ddb08a8440dj2qo
10839 DEBUG [2014-03-06 02:32:50]  API-RemoteIP: 192.168.1.13
11000 DEBUG [2014-03-06 02:32:50]  Response:
11000 DEBUG [2014-03-06 02:32:50]  https StatusCode:200
11000 DEBUG [2014-03-06 02:32:50]  Server:nginx/1.2.0
11000 DEBUG [2014-03-06 02:32:50]  Date:Wed, 05 Mar 2014 18:32:53 GMT
11000 DEBUG [2014-03-06 02:32:50]  Content-Type:application/json;charset=UTF-8
11000 DEBUG [2014-03-06 02:32:50]  Transfer-Encoding:chunked
11000 DEBUG [2014-03-06 02:32:50]  Connection:keep-alive
11000 DEBUG [2014-03-06 02:32:50]  Api-Server-IP:10.77.108.56
11000 DEBUG [2014-03-06 02:32:50]  Vary:Accept-Encoding
11000 WARN  [2014-03-06 02:32:50]  Going to buffer response body of large or unknown size. Using getResponseBodyAsStream instead is recommended.
11039 DEBUG [2014-03-06 02:32:50]  {"comments":[{"created_at":"Wed Mar 05 22:52:13 +0800 2014","id":3684896008413134,"text":"回复@哎呀呀马年想要个白马齐齐:就是比赛太少了","source":"<a href=\"http://weibo.com/\" rel=\"nofollow\">新浪微博</a>","user":{"id":2291437443,"idstr":"2291437443","class":1,"screen_name":"史里尼奥","name":"史里尼奥","province":"37","city":"1","location":"山东 济南","description":"爱足球、爱国际米兰、爱穆里尼奥；追求自由、追求民主","url":"","profile_image_url":"http://tp4.sinaimg.cn/2291437443/50/5687620623/1","profile_url":"u/2291437443","domain":"","weihao":"","gender":"m","followers_count":88,"friends_count":423,"statuses_count":295,"favourites_count":8,"created_at":"Sun Aug 07 23:37:06 +0800 2011","following":false,"allow_all_act_msg":false,"geo_enabled":true,"verified":false,"verified_type":-1,"remark":"","ptype":0,"allow_all_comment":true,"avatar_large":"http://tp4.sinaimg.cn/2291437443/180/5687620623/1","avatar_hd":"http://ww1.sinaimg.cn/crop.0.196.507.507.1024/88948f83jw1edmtvbd00ij20e30p079z.jpg","verified_reason":"","follow_me":false,"online_status":0,"bi_followers_count":56,"lang":"zh-cn","star":0,"mbtype":0,"mbrank":0,"block_word":0},"mid":"3684896008413134","idstr":"3684896008413134","status":{"created_at":"Wed Mar 05 21:57:57 +0800 2014","id":3684882351556535,"mid":"3684882351556535","idstr":"3684882351556535","text":"@哎呀呀马年想要个白马齐齐 厄齐尔回到娘家队瞬间开心阿","source":"<a href=\"http://app.weibo.com/t/feed/c66T5g\" rel=\"nofollow\">Android客户端</a>","favorited":false,"truncated":false,"in_reply_to_status_id":"","in_reply_to_user_id":"","in_reply_to_screen_name":"","pic_urls":[],"geo":null,"user":{"id":2291437443,"idstr":"2291437443","class":1,"screen_name":"史里尼奥","name":"史里尼奥","province":"37","city":"1","location":"山东 济南","description":"爱足球、爱国际米兰、爱穆里尼奥；追求自由、追求民主","url":"","profile_image_url":"http://tp4.sinaimg.cn/2291437443/50/5687620623/1","profile_url":"u/2291437443","domain":"","weihao":"","gender":"m","followers_count":88,"friends_count":423,"statuses_count":295,"favourites_count":8,"created_at":"Sun Aug 07 23:37:06 +0800 2011","following":false,"allow_all_act_msg":false,"geo_enabled":true,"verified":false,"verified_type":-1,"remark":"","ptype":0,"allow_all_comment":true,"avatar_large":"http://tp4.sinaimg.cn/2291437443/180/5687620623/1","avatar_hd":"http://ww1.sinaimg.cn/crop.0.196.507.507.1024/88948f83jw1edmtvbd00ij20e30p079z.jpg","verified_reason":"","follow_me":false,"online_status":0,"bi_followers_count":56,"lang":"zh-cn","star":0,"mbtype":0,"mbrank":0,"block_word":0},"retweeted_status":{"created_at":"Wed Mar 05 21:57:00 +0800 2014","id":3684882112708967,"mid":"3684882112708967","idstr":"3684882112708967","text":"厄齐尔更新instagram","source":"<a href=\"http://weibo.com/\" rel=\"nofollow\">新浪微博</a>","favorited":false,"truncated":false,"in_reply_to_status_id":"","in_reply_to_user_id":"","in_reply_to_screen_name":"","pic_urls":[{"thumbnail_pic":"http://ww1.sinaimg.cn/thumbnail/76ab0e8fgw1ee57z4n8i9j20hs0hstam.jpg"}],"thumbnail_pic":"http://ww1.sinaimg.cn/thumbnail/76ab0e8fgw1ee57z4n8i9j20hs0hstam.jpg","bmiddle_pic":"http://ww1.sinaimg.cn/bmiddle/76ab0e8fgw1ee57z4n8i9j20hs0hstam.jpg","original_pic":"http://ww1.sinaimg.cn/large/76ab0e8fgw1ee57z4n8i9j20hs0hstam.jpg","geo":null,"user":{"id":1990921871,"idstr":"1990921871","class":1,"screen_name":"阿森纳新闻","name":"阿森纳新闻","province":"11","city":"8","location":"北京 海淀区","description":"新浪体育滚动播报阿森纳新闻，枪手球迷的互动交流平台。欢迎爆料、投稿，请发私信或者邮件： sports2009@vip.sina.com","url":"","profile_image_url":"http://tp4.sinaimg.cn/1990921871/50/5661907364/1","cover_image":"http://ww1.sinaimg.cn/crop.0.35.980.300/76ab0e8fjw1e7eefegvuzj20r80i4dp7.jpg","profile_url":"arsenalnews","domain":"arsenalnews","weihao":"","gender":"m","followers_count":266258,"friends_count":171,"statuses_count":16253,"favourites_count":104,"created_at":"Fri Feb 25 14:46:48 +0800 2011","following":false,"allow_all_act_msg":true,"geo_enabled":true,"verified":true,"verified_type":3,"remark":"","ptype":0,"allow_all_comment":true,"avatar_large":"http://tp4.sinaimg.cn/1990921871/180/5661907364/1","avatar_hd":"http://tp4.sinaimg.cn/1990921871/180/5661907364/1","verified_reason":"新浪体育滚动播报阿森纳新闻","follow_me":false,"online_status":0,"bi_followers_count":146,"lang":"zh-cn","star":0,"mbtype":0,"mbrank":0,"block_word":0},"reposts_count":0,"comments_count":0,"attitudes_count":0,"mlevel":0,"visible":{"type":0,"list_id":0}},"annotations":[{"client_mblogid":"9ff68626-6d34-41ab-a7ae-a697db3f1917"}],"reposts_count":0,"comments_count":0,"attitudes_count":0,"mlevel":0,"visible":{"type":0,"list_id":0}},"reply_comment":{"created_at":"Wed Mar 05 22:50:20 +0800 2014","id":3684895534818077,"text":"回复@史里尼奥:而且一直不会分开！！","source":"<a href=\"http://app.weibo.com/t/feed/c66T5g\" rel=\"nofollow\">Android客户端</a>","user":{"id":1777154265,"idstr":"1777154265","class":1,"screen_name":"哎呀呀马年想要个白马齐齐","name":"哎呀呀马年想要个白马齐齐","province":"37","city":"1","location":"山东 济南","description":"迷糊 贪吃 喜欢睡觉的傻孩子。 纠结 想要 逃避 想一个人隐藏起来 爱力宏，爱穆勒，爱你厄。爱小沙，最爱鲁能！","url":"","profile_image_url":"http://tp2.sinaimg.cn/1777154265/50/5680187764/0","cover_image_phone":"http://ww4.sinaimg.cn/crop.0.0.0.640.640/6ce2240djw1e9uwue857ij20hs0hsjuk.jpg","profile_url":"qiruo083forever","domain":"qiruo083forever","weihao":"","gender":"f","followers_count":324,"friends_count":679,"statuses_count":1973,"favourites_count":120,"created_at":"Sat Jul 17 00:57:22 +0800 2010","following":false,"allow_all_act_msg":false,"geo_enabled":true,"verified":false,"verified_type":220,"remark":"","ptype":0,"allow_all_comment":true,"avatar_large":"http://tp2.sinaimg.cn/1777154265/180/5680187764/0","avatar_hd":"http://ww3.sinaimg.cn/crop.0.0.720.720.1024/69ed38d9jw8eavde6llhrj20k00k03zn.jpg","verified_reason":"","follow_me":false,"online_status":0,"bi_followers_count":72,"lang":"zh-cn","star":0,"mbtype":2,"mbrank":1,"block_word":0},"mid":"3684895534818077","idstr":"3684895534818077"}},{"created_at":"Wed Mar 05 22:50:20 +0800 2014","id":3684895534818077,"text":"回复@史里尼奥:而且一直不会分开！！","source":"<a href=\"http://app.weibo.com/t/feed/c66T5g\" rel=\"nofollow\">Android客户端</a>","user":{"id":1777154265,"idstr":"1777154265","class":1,"screen_name":"哎呀呀马年想要个白马齐齐","name":"哎呀呀马年想要个白马齐齐","province":"37","city":"1","location":"山东 济南","description":"迷糊 贪吃 喜欢睡觉的傻孩子。 纠结 想要 逃避 想一个人隐藏起来 爱力宏，爱穆勒，爱你厄。爱小沙，最爱鲁能！","url":"","profile_image_url":"http://tp2.sinaimg.cn/1777154265/50/5680187764/0","cover_image_phone":"http://ww4.sinaimg.cn/crop.0.0.0.640.640/6ce2240djw1e9uwue857ij20hs0hsjuk.jpg","profile_url":"qiruo083forever","domain":"qiruo083forever","weihao":"","gender":"f","followers_count":324,"friends_count":679,"statuses_count":1973,"favourites_count":120,"created_at":"Sat Jul 17 00:57:22 +0800 2010","following":false,"allow_all_act_msg":false,"geo_enabled":true,"verified":false,"verified_type":220,"remark":"","ptype":0,"allow_all_comment":true,"avatar_large":"http://tp2.sinaimg.cn/1777154265/180/5680187764/0","avatar_hd":"http://ww3.sinaimg.cn/crop.0.0.720.720.1024/69ed38d9jw8eavde6llhrj20k00k03zn.jpg","verified_reason":"","follow_me":false,"online_status":0,"bi_followers_count":72,"lang":"zh-cn","star":0,"mbtype":2,"mbrank":1,"block_word":0},"mid":"3684895534818077","idstr":"3684895534818077","status":{"created_at":"Wed Mar 05 21:57:57 +0800 2014","id":3684882351556535,"mid":"3684882351556535","idstr":"3684882351556535","text":"@哎呀呀马年想要个白马齐齐 厄齐尔回到娘家队瞬间开心阿","source":"<a href=\"http://app.weibo.com/t/feed/c66T5g\" rel=\"nofollow\">Android客户端</a>","favorited":false,"truncated":false,"in_reply_to_status_id":"","in_reply_to_user_id":"","in_reply_to_screen_name":"","pic_urls":[],"geo":null,"user":{"id":2291437443,"idstr":"2291437443","class":1,"screen_name":"史里尼奥","name":"史里尼奥","province":"37","city":"1","location":"山东 济南","description":"爱足球、爱国际米兰、爱穆里尼奥；追求自由、追求民主","url":"","profile_image_url":"http://tp4.sinaimg.cn/2291437443/50/5687620623/1","profile_url":"u/2291437443","domain":"","weihao":"","gender":"m","followers_count":88,"friends_count":423,"statuses_count":295,"favourites_count":8,"created_at":"Sun Aug 07 23:37:06 +0800 2011","following":false,"allow_all_act_msg":false,"geo_enabled":true,"verified":false,"verified_type":-1,"remark":"","ptype":0,"allow_all_comment":true,"avatar_large":"http://tp4.sinaimg.cn/2291437443/180/5687620623/1","avatar_hd":"http://ww1.sinaimg.cn/crop.0.196.507.507.1024/88948f83jw1edmtvbd00ij20e30p079z.jpg","verified_reason":"","follow_me":false,"online_status":0,"bi_followers_count":56,"lang":"zh-cn","star":0,"mbtype":0,"mbrank":0,"block_word":0},"retweeted_status":{"created_at":"Wed Mar 05 21:57:00 +0800 2014","id":3684882112708967,"mid":"3684882112708967","idstr":"3684882112708967","text":"厄齐尔更新instagram","source":"<a href=\"http://weibo.com/\" rel=\"nofollow\">新浪微博</a>","favorited":false,"truncated":false,"in_reply_to_status_id":"","in_reply_to_user_id":"","in_reply_to_screen_name":"","pic_urls":[{"thumbnail_pic":"http://ww1.sinaimg.cn/thumbnail/76ab0e8fgw1ee57z4n8i9j20hs0hstam.jpg"}],"thumbnail_pic":"http://ww1.sinaimg.cn/thumbnail/76ab0e8fgw1ee57z4n8i9j20hs0hstam.jpg","bmiddle_pic":"http://ww1.sinaimg.cn/bmiddle/76ab0e8fgw1ee57z4n8i9j20hs0hstam.jpg","original_pic":"http://ww1.sinaimg.cn/large/76ab0e8fgw1ee57z4n8i9j20hs0hstam.jpg","geo":null,"user":{"id":1990921871,"idstr":"1990921871","class":1,"screen_name":"阿森纳新闻","name":"阿森纳新闻","province":"11","city":"8","location":"北京 海淀区","description":"新浪体育滚动播报阿森纳新闻，枪手球迷的互动交流平台。欢迎爆料、投稿，请发私信或者邮件： sports2009@vip.sina.com","url":"","profile_image_url":"http://tp4.sinaimg.cn/1990921871/50/5661907364/1","cover_image":"http://ww1.sinaimg.cn/crop.0.35.980.300/76ab0e8fjw1e7eefegvuzj20r80i4dp7.jpg","profile_url":"arsenalnews","domain":"arsenalnews","weihao":"","gender":"m","followers_count":266258,"friends_count":171,"statuses_count":16253,"favourites_count":104,"created_at":"Fri Feb 25 14:46:48 +0800 2011","following":false,"allow_all_act_msg":true,"geo_enabled":true,"verified":true,"verified_type":3,"remark":"","ptype":0,"allow_all_comment":true,"avatar_large":"http://tp4.sinaimg.cn/1990921871/180/5661907364/1","avatar_hd":"http://tp4.sinaimg.cn/1990921871/180/5661907364/1","verified_reason":"新浪体育滚动播报阿森纳新闻","follow_me":false,"online_status":0,"bi_followers_count":146,"lang":"zh-cn","star":0,"mbtype":0,"mbrank":0,"block_word":0},"reposts_count":0,"comments_count":0,"attitudes_count":0,"mlevel":0,"visible":{"type":0,"list_id":0}},"annotations":[{"client_mblogid":"9ff68626-6d34-41ab-a7ae-a697db3f1917"}],"reposts_count":0,"comments_count":0,"attitudes_count":0,"mlevel":0,"visible":{"type":0,"list_id":0}},"reply_comment":{"created_at":"Wed Mar 05 22:48:46 +0800 2014","id":3684895152409521,"text":"回复@哎呀呀马年想要个白马齐齐:还是娘家队好啊","source":"<a href=\"http://weibo.com/\" rel=\"nofollow\">新浪微博</a>","user":{"id":2291437443,"idstr":"2291437443","class":1,"screen_name":"史里尼奥","name":"史里尼奥","province":"37","city":"1","location":"山东 济南","description":"爱足球、爱国际米兰、爱穆里尼奥；追求自由、追求民主","url":"","profile_image_url":"http://tp4.sinaimg.cn/2291437443/50/5687620623/1","profile_url":"u/2291437443","domain":"","weihao":"","gender":"m","followers_count":88,"friends_count":423,"statuses_count":295,"favourites_count":8,"created_at":"Sun Aug 07 23:37:06 +0800 2011","following":false,"allow_all_act_msg":false,"geo_enabled":true,"verified":false,"verified_type":-1,"remark":"","ptype":0,"allow_all_comment":true,"avatar_large":"http://tp4.sinaimg.cn/2291437443/180/5687620623/1","avatar_hd":"http://ww1.sinaimg.cn/crop.0.196.507.507.1024/88948f83jw1edmtvbd00ij20e30p079z.jpg","verified_reason":"","follow_me":false,"online_status":0,"bi_followers_count":56,"lang":"zh-cn","star":0,"mbtype":0,"mbrank":0,"block_word":0},"mid":"3684895152409521","idstr":"3684895152409521"}},{"created_at":"Wed Mar 05 22:48:46 +0800 2014","id":3684895152409521,"text":"回复@哎呀呀马年想要个白马齐齐:还是娘家队好啊","source":"<a href=\"http://weibo.com/\" rel=\"nofollow\">新浪微博</a>","user":{"id":2291437443,"idstr":"2291437443","class":1,"screen_name":"史里尼奥","name":"史里尼奥","province":"37","city":"1","location":"山东 济南","description":"爱足球、爱国际米兰、爱穆里尼奥；追求自由、追求民主","url":"","profile_image_url":"http://tp4.sinaimg.cn/2291437443/50/5687620623/1","profile_url":"u/2291437443","domain":"","weihao":"","gender":"m","followers_count":88,"friends_count":423,"statuses_count":295,"favourites_count":8,"created_at":"Sun Aug 07 23:37:06 +0800 2011","following":false,"allow_all_act_msg":false,"geo_enabled":true,"verified":false,"verified_type":-1,"remark":"","ptype":0,"allow_all_comment":true,"avatar_large":"http://tp4.sinaimg.cn/2291437443/180/5687620623/1","avatar_hd":"http://ww1.sinaimg.cn/crop.0.196.507.507.1024/88948f83jw1edmtvbd00ij20e30p079z.jpg","verified_reason":"","follow_me":false,"online_status":0,"bi_followers_count":56,"lang":"zh-cn","star":0,"mbtype":0,"mbrank":0,"block_word":0},"mid":"3684895152409521","idstr":"3684895152409521","status":{"created_at":"Wed Mar 05 21:57:57 +0800 2014","id":3684882351556535,"mid":"3684882351556535","idstr":"3684882351556535","text":"@哎呀呀马年想要个白马齐齐 厄齐尔回到娘家队瞬间开心阿","source":"<a href=\"http://app.weibo.com/t/feed/c66T5g\" rel=\"nofollow\">Android客户端</a>","favorited":false,"truncated":false,"in_reply_to_status_id":"","in_reply_to_user_id":"","in_reply_to_screen_name":"","pic_urls":[],"geo":null,"user":{"id":2291437443,"idstr":"2291437443","class":1,"screen_name":"史里尼奥","name":"史里尼奥","province":"37","city":"1","location":"山东 济南","description":"爱足球、爱国际米兰、爱穆里尼奥；追求自由、追求民主","url":"","profile_image_url":"http://tp4.sinaimg.cn/2291437443/50/5687620623/1","profile_url":"u/2291437443","domain":"","weihao":"","gender":"m","followers_count":88,"friends_count":423,"statuses_count":295,"favourites_count":8,"created_at":"Sun Aug 07 23:37:06 +0800 2011","following":false,"allow_all_act_msg":false,"geo_enabled":true,"verified":false,"verified_type":-1,"remark":"","ptype":0,"allow_all_comment":true,"avatar_large":"http://tp4.sinaimg.cn/2291437443/180/5687620623/1","avatar_hd":"http://ww1.sinaimg.cn/crop.0.196.507.507.1024/88948f83jw1edmtvbd00ij20e30p079z.jpg","verified_reason":"","follow_me":false,"online_status":0,"bi_followers_count":56,"lang":"zh-cn","star":0,"mbtype":0,"mbrank":0,"block_word":0},"retweeted_status":{"created_at":"Wed Mar 05 21:57:00 +0800 2014","id":3684882112708967,"mid":"3684882112708967","idstr":"3684882112708967","text":"厄齐尔更新instagram","source":"<a href=\"http://weibo.com/\" rel=\"nofollow\">新浪微博</a>","favorited":false,"truncated":false,"in_reply_to_status_id":"","in_reply_to_user_id":"","in_reply_to_screen_name":"","pic_urls":[{"thumbnail_pic":"http://ww1.sinaimg.cn/thumbnail/76ab0e8fgw1ee57z4n8i9j20hs0hstam.jpg"}],"thumbnail_pic":"http://ww1.sinaimg.cn/thumbnail/76ab0e8fgw1ee57z4n8i9j20hs0hstam.jpg","bmiddle_pic":"http://ww1.sinaimg.cn/bmiddle/76ab0e8fgw1ee57z4n8i9j20hs0hstam.jpg","original_pic":"http://ww1.sinaimg.cn/large/76ab0e8fgw1ee57z4n8i9j20hs0hstam.jpg","geo":null,"user":{"id":1990921871,"idstr":"1990921871","class":1,"screen_name":"阿森纳新闻","name":"阿森纳新闻","province":"11","city":"8","location":"北京 海淀区","description":"新浪体育滚动播报阿森纳新闻，枪手球迷的互动交流平台。欢迎爆料、投稿，请发私信或者邮件： sports2009@vip.sina.com","url":"","profile_image_url":"http://tp4.sinaimg.cn/1990921871/50/5661907364/1","cover_image":"http://ww1.sinaimg.cn/crop.0.35.980.300/76ab0e8fjw1e7eefegvuzj20r80i4dp7.jpg","profile_url":"arsenalnews","domain":"arsenalnews","weihao":"","gender":"m","followers_count":266258,"friends_count":171,"statuses_count":16253,"favourites_count":104,"created_at":"Fri Feb 25 14:46:48 +0800 2011","following":false,"allow_all_act_msg":true,"geo_enabled":true,"verified":true,"verified_type":3,"remark":"","ptype":0,"allow_all_comment":true,"avatar_large":"http://tp4.sinaimg.cn/1990921871/180/5661907364/1","avatar_hd":"http://tp4.sinaimg.cn/1990921871/180/5661907364/1","verified_reason":"新浪体育滚动播报阿森纳新闻","follow_me":false,"online_status":0,"bi_followers_count":146,"lang":"zh-cn","star":0,"mbtype":0,"mbrank":0,"block_word":0},"reposts_count":0,"comments_count":0,"attitudes_count":0,"mlevel":0,"visible":{"type":0,"list_id":0}},"annotations":[{"client_mblogid":"9ff68626-6d34-41ab-a7ae-a697db3f1917"}],"reposts_count":0,"comments_count":0,"attitudes_count":0,"mlevel":0,"visible":{"type":0,"list_id":0}},"reply_comment":{"created_at":"Wed Mar 05 22:33:21 +0800 2014","id":3684891265040336,"text":"必须开心啊","source":"<a href=\"http://app.weibo.com/t/feed/c66T5g\" rel=\"nofollow\">Android客户端</a>","user":{"id":1777154265,"idstr":"1777154265","class":1,"screen_name":"哎呀呀马年想要个白马齐齐","name":"哎呀呀马年想要个白马齐齐","province":"37","city":"1","location":"山东 济南","description":"迷糊 贪吃 喜欢睡觉的傻孩子。 纠结 想要 逃避 想一个人隐藏起来 爱力宏，爱穆勒，爱你厄。爱小沙，最爱鲁能！","url":"","profile_image_url":"http://tp2.sinaimg.cn/1777154265/50/5680187764/0","cover_image_phone":"http://ww4.sinaimg.cn/crop.0.0.0.640.640/6ce2240djw1e9uwue857ij20hs0hsjuk.jpg","profile_url":"qiruo083forever","domain":"qiruo083forever","weihao":"","gender":"f","followers_count":324,"friends_count":679,"statuses_count":1973,"favourites_count":120,"created_at":"Sat Jul 17 00:57:22 +0800 2010","following":false,"allow_all_act_msg":false,"geo_enabled":true,"verified":false,"verified_type":220,"remark":"","ptype":0,"allow_all_comment":true,"avatar_large":"http://tp2.sinaimg.cn/1777154265/180/5680187764/0","avatar_hd":"http://ww3.sinaimg.cn/crop.0.0.720.720.1024/69ed38d9jw8eavde6llhrj20k00k03zn.jpg","verified_reason":"","follow_me":false,"online_status":0,"bi_followers_count":72,"lang":"zh-cn","star":0,"mbtype":2,"mbrank":1,"block_word":0},"mid":"3684891265040336","idstr":"3684891265040336"}},{"created_at":"Wed Mar 05 22:33:21 +0800 2014","id":3684891265040336,"text":"必须开心啊","source":"<a href=\"http://app.weibo.com/t/feed/c66T5g\" rel=\"nofollow\">Android客户端</a>","user":{"id":1777154265,"idstr":"1777154265","class":1,"screen_name":"哎呀呀马年想要个白马齐齐","name":"哎呀呀马年想要个白马齐齐","province":"37","city":"1","location":"山东 济南","description":"迷糊 贪吃 喜欢睡觉的傻孩子。 纠结 想要 逃避 想一个人隐藏起来 爱力宏，爱穆勒，爱你厄。爱小沙，最爱鲁能！","url":"","profile_image_url":"http://tp2.sinaimg.cn/1777154265/50/5680187764/0","cover_image_phone":"http://ww4.sinaimg.cn/crop.0.0.0.640.640/6ce2240djw1e9uwue857ij20hs0hsjuk.jpg","profile_url":"qiruo083forever","domain":"qiruo083forever","weihao":"","gender":"f","followers_count":324,"friends_count":679,"statuses_count":1973,"favourites_count":120,"created_at":"Sat Jul 17 00:57:22 +0800 2010","following":false,"allow_all_act_msg":false,"geo_enabled":true,"verified":false,"verified_type":220,"remark":"","ptype":0,"allow_all_comment":true,"avatar_large":"http://tp2.sinaimg.cn/1777154265/180/5680187764/0","avatar_hd":"http://ww3.sinaimg.cn/crop.0.0.720.720.1024/69ed38d9jw8eavde6llhrj20k00k03zn.jpg","verified_reason":"","follow_me":false,"online_status":0,"bi_followers_count":72,"lang":"zh-cn","star":0,"mbtype":2,"mbrank":1,"block_word":0},"mid":"3684891265040336","idstr":"3684891265040336","status":{"created_at":"Wed Mar 05 21:57:57 +0800 2014","id":3684882351556535,"mid":"3684882351556535","idstr":"3684882351556535","text":"@哎呀呀马年想要个白马齐齐 厄齐尔回到娘家队瞬间开心阿","source":"<a href=\"http://app.weibo.com/t/feed/c66T5g\" rel=\"nofollow\">Android客户端</a>","favorited":false,"truncated":false,"in_reply_to_status_id":"","in_reply_to_user_id":"","in_reply_to_screen_name":"","pic_urls":[],"geo":null,"user":{"id":2291437443,"idstr":"2291437443","class":1,"screen_name":"史里尼奥","name":"史里尼奥","province":"37","city":"1","location":"山东 济南","description":"爱足球、爱国际米兰、爱穆里尼奥；追求自由、追求民主","url":"","profile_image_url":"http://tp4.sinaimg.cn/2291437443/50/5687620623/1","profile_url":"u/2291437443","domain":"","weihao":"","gender":"m","followers_count":88,"friends_count":423,"statuses_count":295,"favourites_count":8,"created_at":"Sun Aug 07 23:37:06 +0800 2011","following":false,"allow_all_act_msg":false,"geo_enabled":true,"verified":false,"verified_type":-1,"remark":"","ptype":0,"allow_all_comment":true,"avatar_large":"http://tp4.sinaimg.cn/2291437443/180/5687620623/1","avatar_hd":"http://ww1.sinaimg.cn/crop.0.196.507.507.1024/88948f83jw1edmtvbd00ij20e30p079z.jpg","verified_reason":"","follow_me":false,"online_status":0,"bi_followers_count":56,"lang":"zh-cn","star":0,"mbtype":0,"mbrank":0,"block_word":0},"retweeted_status":{"created_at":"Wed Mar 05 21:57:00 +0800 2014","id":3684882112708967,"mid":"3684882112708967","idstr":"3684882112708967","text":"厄齐尔更新instagram","source":"<a href=\"http://weibo.com/\" rel=\"nofollow\">新浪微博</a>","favorited":false,"truncated":false,"in_reply_to_status_id":"","in_reply_to_user_id":"","in_reply_to_screen_name":"","pic_urls":[{"thumbnail_pic":"http://ww1.sinaimg.cn/thumbnail/76ab0e8fgw1ee57z4n8i9j20hs0hstam.jpg"}],"thumbnail_pic":"http://ww1.sinaimg.cn/thumbnail/76ab0e8fgw1ee57z4n8i9j20hs0hstam.jpg","bmiddle_pic":"http://ww1.sinaimg.cn/bmiddle/76ab0e8fgw1ee57z4n8i9j20hs0hstam.jpg","original_pic":"http://ww1.sinaimg.cn/large/76ab0e8fgw1ee57z4n8i9j20hs0hstam.jpg","geo":null,"user":{"id":1990921871,"idstr":"1990921871","class":1,"screen_name":"阿森纳新闻","name":"阿森纳新闻","province":"11","city":"8","location":"北京 海淀区","description":"新浪体育滚动播报阿森纳新闻，枪手球迷的互动交流平台。欢迎爆料、投稿，请发私信或者邮件： sports2009@vip.sina.com","url":"","profile_image_url":"http://tp4.sinaimg.cn/1990921871/50/5661907364/1","cover_image":"http://ww1.sinaimg.cn/crop.0.35.980.300/76ab0e8fjw1e7eefegvuzj20r80i4dp7.jpg","profile_url":"arsenalnews","domain":"arsenalnews","weihao":"","gender":"m","followers_count":266258,"friends_count":171,"statuses_count":16253,"favourites_count":104,"created_at":"Fri Feb 25 14:46:48 +0800 2011","following":false,"allow_all_act_msg":true,"geo_enabled":true,"verified":true,"verified_type":3,"remark":"","ptype":0,"allow_all_comment":true,"avatar_large":"http://tp4.sinaimg.cn/1990921871/180/5661907364/1","avatar_hd":"http://tp4.sinaimg.cn/1990921871/180/5661907364/1","verified_reason":"新浪体育滚动播报阿森纳新闻","follow_me":false,"online_status":0,"bi_followers_count":146,"lang":"zh-cn","star":0,"mbtype":0,"mbrank":0,"block_word":0},"reposts_count":0,"comments_count":0,"attitudes_count":0,"mlevel":0,"visible":{"type":0,"list_id":0}},"annotations":[{"client_mblogid":"9ff68626-6d34-41ab-a7ae-a697db3f1917"}],"reposts_count":0,"comments_count":0,"attitudes_count":0,"mlevel":0,"visible":{"type":0,"list_id":0}}}],"marks":[],"hasvisible":false,"previous_cursor":0,"next_cursor":0,"total_number":4}

11296 DEBUG [2014-03-06 02:32:50]  Request:
11296 DEBUG [2014-03-06 02:32:50]  GET:https://api.weibo.com/2/comments/show.json
11296 DEBUG [2014-03-06 02:32:50]  Authorization: OAuth2 2.00jcof_Cq3jyKE7ddb08a8440dj2qo
11296 DEBUG [2014-03-06 02:32:50]  API-RemoteIP: 192.168.1.13
11454 DEBUG [2014-03-06 02:32:50]  Response:
11454 DEBUG [2014-03-06 02:32:50]  https StatusCode:200
11454 DEBUG [2014-03-06 02:32:50]  Server:nginx/1.2.0
11454 DEBUG [2014-03-06 02:32:50]  Date:Wed, 05 Mar 2014 18:32:54 GMT
11454 DEBUG [2014-03-06 02:32:50]  Content-Type:application/json;charset=UTF-8
11454 DEBUG [2014-03-06 02:32:50]  Transfer-Encoding:chunked
11454 DEBUG [2014-03-06 02:32:50]  Connection:keep-alive
11454 DEBUG [2014-03-06 02:32:50]  Api-Server-IP:10.77.108.38
11454 DEBUG [2014-03-06 02:32:50]  Vary:Accept-Encoding
11454 WARN  [2014-03-06 02:32:50]  Going to buffer response body of large or unknown size. Using getResponseBodyAsStream instead is recommended.
11493 DEBUG [2014-03-06 02:32:50]  {"comments":[{"created_at":"Wed Mar 05 22:52:13 +0800 2014","id":3684896008413134,"text":"回复@哎呀呀马年想要个白马齐齐:就是比赛太少了","source":"<a href=\"http://weibo.com/\" rel=\"nofollow\">新浪微博</a>","user":{"id":2291437443,"idstr":"2291437443","class":1,"screen_name":"史里尼奥","name":"史里尼奥","province":"37","city":"1","location":"山东 济南","description":"爱足球、爱国际米兰、爱穆里尼奥；追求自由、追求民主","url":"","profile_image_url":"http://tp4.sinaimg.cn/2291437443/50/5687620623/1","profile_url":"u/2291437443","domain":"","weihao":"","gender":"m","followers_count":88,"friends_count":423,"statuses_count":295,"favourites_count":8,"created_at":"Sun Aug 07 23:37:06 +0800 2011","following":false,"allow_all_act_msg":false,"geo_enabled":true,"verified":false,"verified_type":-1,"remark":"","ptype":0,"allow_all_comment":true,"avatar_large":"http://tp4.sinaimg.cn/2291437443/180/5687620623/1","avatar_hd":"http://ww1.sinaimg.cn/crop.0.196.507.507.1024/88948f83jw1edmtvbd00ij20e30p079z.jpg","verified_reason":"","follow_me":false,"online_status":0,"bi_followers_count":56,"lang":"zh-cn","star":0,"mbtype":0,"mbrank":0,"block_word":0},"mid":"3684896008413134","idstr":"3684896008413134","status":{"created_at":"Wed Mar 05 21:57:57 +0800 2014","id":3684882351556535,"mid":"3684882351556535","idstr":"3684882351556535","text":"@哎呀呀马年想要个白马齐齐 厄齐尔回到娘家队瞬间开心阿","source":"<a href=\"http://app.weibo.com/t/feed/c66T5g\" rel=\"nofollow\">Android客户端</a>","favorited":false,"truncated":false,"in_reply_to_status_id":"","in_reply_to_user_id":"","in_reply_to_screen_name":"","pic_urls":[],"geo":null,"user":{"id":2291437443,"idstr":"2291437443","class":1,"screen_name":"史里尼奥","name":"史里尼奥","province":"37","city":"1","location":"山东 济南","description":"爱足球、爱国际米兰、爱穆里尼奥；追求自由、追求民主","url":"","profile_image_url":"http://tp4.sinaimg.cn/2291437443/50/5687620623/1","profile_url":"u/2291437443","domain":"","weihao":"","gender":"m","followers_count":88,"friends_count":423,"statuses_count":295,"favourites_count":8,"created_at":"Sun Aug 07 23:37:06 +0800 2011","following":false,"allow_all_act_msg":false,"geo_enabled":true,"verified":false,"verified_type":-1,"remark":"","ptype":0,"allow_all_comment":true,"avatar_large":"http://tp4.sinaimg.cn/2291437443/180/5687620623/1","avatar_hd":"http://ww1.sinaimg.cn/crop.0.196.507.507.1024/88948f83jw1edmtvbd00ij20e30p079z.jpg","verified_reason":"","follow_me":false,"online_status":0,"bi_followers_count":56,"lang":"zh-cn","star":0,"mbtype":0,"mbrank":0,"block_word":0},"retweeted_status":{"created_at":"Wed Mar 05 21:57:00 +0800 2014","id":3684882112708967,"mid":"3684882112708967","idstr":"3684882112708967","text":"厄齐尔更新instagram","source":"<a href=\"http://weibo.com/\" rel=\"nofollow\">新浪微博</a>","favorited":false,"truncated":false,"in_reply_to_status_id":"","in_reply_to_user_id":"","in_reply_to_screen_name":"","pic_urls":[{"thumbnail_pic":"http://ww1.sinaimg.cn/thumbnail/76ab0e8fgw1ee57z4n8i9j20hs0hstam.jpg"}],"thumbnail_pic":"http://ww1.sinaimg.cn/thumbnail/76ab0e8fgw1ee57z4n8i9j20hs0hstam.jpg","bmiddle_pic":"http://ww1.sinaimg.cn/bmiddle/76ab0e8fgw1ee57z4n8i9j20hs0hstam.jpg","original_pic":"http://ww1.sinaimg.cn/large/76ab0e8fgw1ee57z4n8i9j20hs0hstam.jpg","geo":null,"user":{"id":1990921871,"idstr":"1990921871","class":1,"screen_name":"阿森纳新闻","name":"阿森纳新闻","province":"11","city":"8","location":"北京 海淀区","description":"新浪体育滚动播报阿森纳新闻，枪手球迷的互动交流平台。欢迎爆料、投稿，请发私信或者邮件： sports2009@vip.sina.com","url":"","profile_image_url":"http://tp4.sinaimg.cn/1990921871/50/5661907364/1","cover_image":"http://ww1.sinaimg.cn/crop.0.35.980.300/76ab0e8fjw1e7eefegvuzj20r80i4dp7.jpg","profile_url":"arsenalnews","domain":"arsenalnews","weihao":"","gender":"m","followers_count":266258,"friends_count":171,"statuses_count":16253,"favourites_count":104,"created_at":"Fri Feb 25 14:46:48 +0800 2011","following":false,"allow_all_act_msg":true,"geo_enabled":true,"verified":true,"verified_type":3,"remark":"","ptype":0,"allow_all_comment":true,"avatar_large":"http://tp4.sinaimg.cn/1990921871/180/5661907364/1","avatar_hd":"http://tp4.sinaimg.cn/1990921871/180/5661907364/1","verified_reason":"新浪体育滚动播报阿森纳新闻","follow_me":false,"online_status":0,"bi_followers_count":146,"lang":"zh-cn","star":0,"mbtype":0,"mbrank":0,"block_word":0},"reposts_count":0,"comments_count":0,"attitudes_count":0,"mlevel":0,"visible":{"type":0,"list_id":0}},"annotations":[{"client_mblogid":"9ff68626-6d34-41ab-a7ae-a697db3f1917"}],"reposts_count":0,"comments_count":0,"attitudes_count":0,"mlevel":0,"visible":{"type":0,"list_id":0}},"reply_comment":{"created_at":"Wed Mar 05 22:50:20 +0800 2014","id":3684895534818077,"text":"回复@史里尼奥:而且一直不会分开！！","source":"<a href=\"http://app.weibo.com/t/feed/c66T5g\" rel=\"nofollow\">Android客户端</a>","user":{"id":1777154265,"idstr":"1777154265","class":1,"screen_name":"哎呀呀马年想要个白马齐齐","name":"哎呀呀马年想要个白马齐齐","province":"37","city":"1","location":"山东 济南","description":"迷糊 贪吃 喜欢睡觉的傻孩子。 纠结 想要 逃避 想一个人隐藏起来 爱力宏，爱穆勒，爱你厄。爱小沙，最爱鲁能！","url":"","profile_image_url":"http://tp2.sinaimg.cn/1777154265/50/5680187764/0","cover_image_phone":"http://ww4.sinaimg.cn/crop.0.0.0.640.640/6ce2240djw1e9uwue857ij20hs0hsjuk.jpg","profile_url":"qiruo083forever","domain":"qiruo083forever","weihao":"","gender":"f","followers_count":324,"friends_count":679,"statuses_count":1973,"favourites_count":120,"created_at":"Sat Jul 17 00:57:22 +0800 2010","following":false,"allow_all_act_msg":false,"geo_enabled":true,"verified":false,"verified_type":220,"remark":"","ptype":0,"allow_all_comment":true,"avatar_large":"http://tp2.sinaimg.cn/1777154265/180/5680187764/0","avatar_hd":"http://ww3.sinaimg.cn/crop.0.0.720.720.1024/69ed38d9jw8eavde6llhrj20k00k03zn.jpg","verified_reason":"","follow_me":false,"online_status":0,"bi_followers_count":72,"lang":"zh-cn","star":0,"mbtype":2,"mbrank":1,"block_word":0},"mid":"3684895534818077","idstr":"3684895534818077"}},{"created_at":"Wed Mar 05 22:50:20 +0800 2014","id":3684895534818077,"text":"回复@史里尼奥:而且一直不会分开！！","source":"<a href=\"http://app.weibo.com/t/feed/c66T5g\" rel=\"nofollow\">Android客户端</a>","user":{"id":1777154265,"idstr":"1777154265","class":1,"screen_name":"哎呀呀马年想要个白马齐齐","name":"哎呀呀马年想要个白马齐齐","province":"37","city":"1","location":"山东 济南","description":"迷糊 贪吃 喜欢睡觉的傻孩子。 纠结 想要 逃避 想一个人隐藏起来 爱力宏，爱穆勒，爱你厄。爱小沙，最爱鲁能！","url":"","profile_image_url":"http://tp2.sinaimg.cn/1777154265/50/5680187764/0","cover_image_phone":"http://ww4.sinaimg.cn/crop.0.0.0.640.640/6ce2240djw1e9uwue857ij20hs0hsjuk.jpg","profile_url":"qiruo083forever","domain":"qiruo083forever","weihao":"","gender":"f","followers_count":324,"friends_count":679,"statuses_count":1973,"favourites_count":120,"created_at":"Sat Jul 17 00:57:22 +0800 2010","following":false,"allow_all_act_msg":false,"geo_enabled":true,"verified":false,"verified_type":220,"remark":"","ptype":0,"allow_all_comment":true,"avatar_large":"http://tp2.sinaimg.cn/1777154265/180/5680187764/0","avatar_hd":"http://ww3.sinaimg.cn/crop.0.0.720.720.1024/69ed38d9jw8eavde6llhrj20k00k03zn.jpg","verified_reason":"","follow_me":false,"online_status":0,"bi_followers_count":72,"lang":"zh-cn","star":0,"mbtype":2,"mbrank":1,"block_word":0},"mid":"3684895534818077","idstr":"3684895534818077","status":{"created_at":"Wed Mar 05 21:57:57 +0800 2014","id":3684882351556535,"mid":"3684882351556535","idstr":"3684882351556535","text":"@哎呀呀马年想要个白马齐齐 厄齐尔回到娘家队瞬间开心阿","source":"<a href=\"http://app.weibo.com/t/feed/c66T5g\" rel=\"nofollow\">Android客户端</a>","favorited":false,"truncated":false,"in_reply_to_status_id":"","in_reply_to_user_id":"","in_reply_to_screen_name":"","pic_urls":[],"geo":null,"user":{"id":2291437443,"idstr":"2291437443","class":1,"screen_name":"史里尼奥","name":"史里尼奥","province":"37","city":"1","location":"山东 济南","description":"爱足球、爱国际米兰、爱穆里尼奥；追求自由、追求民主","url":"","profile_image_url":"http://tp4.sinaimg.cn/2291437443/50/5687620623/1","profile_url":"u/2291437443","domain":"","weihao":"","gender":"m","followers_count":88,"friends_count":423,"statuses_count":295,"favourites_count":8,"created_at":"Sun Aug 07 23:37:06 +0800 2011","following":false,"allow_all_act_msg":false,"geo_enabled":true,"verified":false,"verified_type":-1,"remark":"","ptype":0,"allow_all_comment":true,"avatar_large":"http://tp4.sinaimg.cn/2291437443/180/5687620623/1","avatar_hd":"http://ww1.sinaimg.cn/crop.0.196.507.507.1024/88948f83jw1edmtvbd00ij20e30p079z.jpg","verified_reason":"","follow_me":false,"online_status":0,"bi_followers_count":56,"lang":"zh-cn","star":0,"mbtype":0,"mbrank":0,"block_word":0},"retweeted_status":{"created_at":"Wed Mar 05 21:57:00 +0800 2014","id":3684882112708967,"mid":"3684882112708967","idstr":"3684882112708967","text":"厄齐尔更新instagram","source":"<a href=\"http://weibo.com/\" rel=\"nofollow\">新浪微博</a>","favorited":false,"truncated":false,"in_reply_to_status_id":"","in_reply_to_user_id":"","in_reply_to_screen_name":"","pic_urls":[{"thumbnail_pic":"http://ww1.sinaimg.cn/thumbnail/76ab0e8fgw1ee57z4n8i9j20hs0hstam.jpg"}],"thumbnail_pic":"http://ww1.sinaimg.cn/thumbnail/76ab0e8fgw1ee57z4n8i9j20hs0hstam.jpg","bmiddle_pic":"http://ww1.sinaimg.cn/bmiddle/76ab0e8fgw1ee57z4n8i9j20hs0hstam.jpg","original_pic":"http://ww1.sinaimg.cn/large/76ab0e8fgw1ee57z4n8i9j20hs0hstam.jpg","geo":null,"user":{"id":1990921871,"idstr":"1990921871","class":1,"screen_name":"阿森纳新闻","name":"阿森纳新闻","province":"11","city":"8","location":"北京 海淀区","description":"新浪体育滚动播报阿森纳新闻，枪手球迷的互动交流平台。欢迎爆料、投稿，请发私信或者邮件： sports2009@vip.sina.com","url":"","profile_image_url":"http://tp4.sinaimg.cn/1990921871/50/5661907364/1","cover_image":"http://ww1.sinaimg.cn/crop.0.35.980.300/76ab0e8fjw1e7eefegvuzj20r80i4dp7.jpg","profile_url":"arsenalnews","domain":"arsenalnews","weihao":"","gender":"m","followers_count":266258,"friends_count":171,"statuses_count":16253,"favourites_count":104,"created_at":"Fri Feb 25 14:46:48 +0800 2011","following":false,"allow_all_act_msg":true,"geo_enabled":true,"verified":true,"verified_type":3,"remark":"","ptype":0,"allow_all_comment":true,"avatar_large":"http://tp4.sinaimg.cn/1990921871/180/5661907364/1","avatar_hd":"http://tp4.sinaimg.cn/1990921871/180/5661907364/1","verified_reason":"新浪体育滚动播报阿森纳新闻","follow_me":false,"online_status":0,"bi_followers_count":146,"lang":"zh-cn","star":0,"mbtype":0,"mbrank":0,"block_word":0},"reposts_count":0,"comments_count":0,"attitudes_count":0,"mlevel":0,"visible":{"type":0,"list_id":0}},"annotations":[{"client_mblogid":"9ff68626-6d34-41ab-a7ae-a697db3f1917"}],"reposts_count":0,"comments_count":0,"attitudes_count":0,"mlevel":0,"visible":{"type":0,"list_id":0}},"reply_comment":{"created_at":"Wed Mar 05 22:48:46 +0800 2014","id":3684895152409521,"text":"回复@哎呀呀马年想要个白马齐齐:还是娘家队好啊","source":"<a href=\"http://weibo.com/\" rel=\"nofollow\">新浪微博</a>","user":{"id":2291437443,"idstr":"2291437443","class":1,"screen_name":"史里尼奥","name":"史里尼奥","province":"37","city":"1","location":"山东 济南","description":"爱足球、爱国际米兰、爱穆里尼奥；追求自由、追求民主","url":"","profile_image_url":"http://tp4.sinaimg.cn/2291437443/50/5687620623/1","profile_url":"u/2291437443","domain":"","weihao":"","gender":"m","followers_count":88,"friends_count":423,"statuses_count":295,"favourites_count":8,"created_at":"Sun Aug 07 23:37:06 +0800 2011","following":false,"allow_all_act_msg":false,"geo_enabled":true,"verified":false,"verified_type":-1,"remark":"","ptype":0,"allow_all_comment":true,"avatar_large":"http://tp4.sinaimg.cn/2291437443/180/5687620623/1","avatar_hd":"http://ww1.sinaimg.cn/crop.0.196.507.507.1024/88948f83jw1edmtvbd00ij20e30p079z.jpg","verified_reason":"","follow_me":false,"online_status":0,"bi_followers_count":56,"lang":"zh-cn","star":0,"mbtype":0,"mbrank":0,"block_word":0},"mid":"3684895152409521","idstr":"3684895152409521"}},{"created_at":"Wed Mar 05 22:48:46 +0800 2014","id":3684895152409521,"text":"回复@哎呀呀马年想要个白马齐齐:还是娘家队好啊","source":"<a href=\"http://weibo.com/\" rel=\"nofollow\">新浪微博</a>","user":{"id":2291437443,"idstr":"2291437443","class":1,"screen_name":"史里尼奥","name":"史里尼奥","province":"37","city":"1","location":"山东 济南","description":"爱足球、爱国际米兰、爱穆里尼奥；追求自由、追求民主","url":"","profile_image_url":"http://tp4.sinaimg.cn/2291437443/50/5687620623/1","profile_url":"u/2291437443","domain":"","weihao":"","gender":"m","followers_count":88,"friends_count":423,"statuses_count":295,"favourites_count":8,"created_at":"Sun Aug 07 23:37:06 +0800 2011","following":false,"allow_all_act_msg":false,"geo_enabled":true,"verified":false,"verified_type":-1,"remark":"","ptype":0,"allow_all_comment":true,"avatar_large":"http://tp4.sinaimg.cn/2291437443/180/5687620623/1","avatar_hd":"http://ww1.sinaimg.cn/crop.0.196.507.507.1024/88948f83jw1edmtvbd00ij20e30p079z.jpg","verified_reason":"","follow_me":false,"online_status":0,"bi_followers_count":56,"lang":"zh-cn","star":0,"mbtype":0,"mbrank":0,"block_word":0},"mid":"3684895152409521","idstr":"3684895152409521","status":{"created_at":"Wed Mar 05 21:57:57 +0800 2014","id":3684882351556535,"mid":"3684882351556535","idstr":"3684882351556535","text":"@哎呀呀马年想要个白马齐齐 厄齐尔回到娘家队瞬间开心阿","source":"<a href=\"http://app.weibo.com/t/feed/c66T5g\" rel=\"nofollow\">Android客户端</a>","favorited":false,"truncated":false,"in_reply_to_status_id":"","in_reply_to_user_id":"","in_reply_to_screen_name":"","pic_urls":[],"geo":null,"user":{"id":2291437443,"idstr":"2291437443","class":1,"screen_name":"史里尼奥","name":"史里尼奥","province":"37","city":"1","location":"山东 济南","description":"爱足球、爱国际米兰、爱穆里尼奥；追求自由、追求民主","url":"","profile_image_url":"http://tp4.sinaimg.cn/2291437443/50/5687620623/1","profile_url":"u/2291437443","domain":"","weihao":"","gender":"m","followers_count":88,"friends_count":423,"statuses_count":295,"favourites_count":8,"created_at":"Sun Aug 07 23:37:06 +0800 2011","following":false,"allow_all_act_msg":false,"geo_enabled":true,"verified":false,"verified_type":-1,"remark":"","ptype":0,"allow_all_comment":true,"avatar_large":"http://tp4.sinaimg.cn/2291437443/180/5687620623/1","avatar_hd":"http://ww1.sinaimg.cn/crop.0.196.507.507.1024/88948f83jw1edmtvbd00ij20e30p079z.jpg","verified_reason":"","follow_me":false,"online_status":0,"bi_followers_count":56,"lang":"zh-cn","star":0,"mbtype":0,"mbrank":0,"block_word":0},"retweeted_status":{"created_at":"Wed Mar 05 21:57:00 +0800 2014","id":3684882112708967,"mid":"3684882112708967","idstr":"3684882112708967","text":"厄齐尔更新instagram","source":"<a href=\"http://weibo.com/\" rel=\"nofollow\">新浪微博</a>","favorited":false,"truncated":false,"in_reply_to_status_id":"","in_reply_to_user_id":"","in_reply_to_screen_name":"","pic_urls":[{"thumbnail_pic":"http://ww1.sinaimg.cn/thumbnail/76ab0e8fgw1ee57z4n8i9j20hs0hstam.jpg"}],"thumbnail_pic":"http://ww1.sinaimg.cn/thumbnail/76ab0e8fgw1ee57z4n8i9j20hs0hstam.jpg","bmiddle_pic":"http://ww1.sinaimg.cn/bmiddle/76ab0e8fgw1ee57z4n8i9j20hs0hstam.jpg","original_pic":"http://ww1.sinaimg.cn/large/76ab0e8fgw1ee57z4n8i9j20hs0hstam.jpg","geo":null,"user":{"id":1990921871,"idstr":"1990921871","class":1,"screen_name":"阿森纳新闻","name":"阿森纳新闻","province":"11","city":"8","location":"北京 海淀区","description":"新浪体育滚动播报阿森纳新闻，枪手球迷的互动交流平台。欢迎爆料、投稿，请发私信或者邮件： sports2009@vip.sina.com","url":"","profile_image_url":"http://tp4.sinaimg.cn/1990921871/50/5661907364/1","cover_image":"http://ww1.sinaimg.cn/crop.0.35.980.300/76ab0e8fjw1e7eefegvuzj20r80i4dp7.jpg","profile_url":"arsenalnews","domain":"arsenalnews","weihao":"","gender":"m","followers_count":266258,"friends_count":171,"statuses_count":16253,"favourites_count":104,"created_at":"Fri Feb 25 14:46:48 +0800 2011","following":false,"allow_all_act_msg":true,"geo_enabled":true,"verified":true,"verified_type":3,"remark":"","ptype":0,"allow_all_comment":true,"avatar_large":"http://tp4.sinaimg.cn/1990921871/180/5661907364/1","avatar_hd":"http://tp4.sinaimg.cn/1990921871/180/5661907364/1","verified_reason":"新浪体育滚动播报阿森纳新闻","follow_me":false,"online_status":0,"bi_followers_count":146,"lang":"zh-cn","star":0,"mbtype":0,"mbrank":0,"block_word":0},"reposts_count":0,"comments_count":0,"attitudes_count":0,"mlevel":0,"visible":{"type":0,"list_id":0}},"annotations":[{"client_mblogid":"9ff68626-6d34-41ab-a7ae-a697db3f1917"}],"reposts_count":0,"comments_count":0,"attitudes_count":0,"mlevel":0,"visible":{"type":0,"list_id":0}},"reply_comment":{"created_at":"Wed Mar 05 22:33:21 +0800 2014","id":3684891265040336,"text":"必须开心啊","source":"<a href=\"http://app.weibo.com/t/feed/c66T5g\" rel=\"nofollow\">Android客户端</a>","user":{"id":1777154265,"idstr":"1777154265","class":1,"screen_name":"哎呀呀马年想要个白马齐齐","name":"哎呀呀马年想要个白马齐齐","province":"37","city":"1","location":"山东 济南","description":"迷糊 贪吃 喜欢睡觉的傻孩子。 纠结 想要 逃避 想一个人隐藏起来 爱力宏，爱穆勒，爱你厄。爱小沙，最爱鲁能！","url":"","profile_image_url":"http://tp2.sinaimg.cn/1777154265/50/5680187764/0","cover_image_phone":"http://ww4.sinaimg.cn/crop.0.0.0.640.640/6ce2240djw1e9uwue857ij20hs0hsjuk.jpg","profile_url":"qiruo083forever","domain":"qiruo083forever","weihao":"","gender":"f","followers_count":324,"friends_count":679,"statuses_count":1973,"favourites_count":120,"created_at":"Sat Jul 17 00:57:22 +0800 2010","following":false,"allow_all_act_msg":false,"geo_enabled":true,"verified":false,"verified_type":220,"remark":"","ptype":0,"allow_all_comment":true,"avatar_large":"http://tp2.sinaimg.cn/1777154265/180/5680187764/0","avatar_hd":"http://ww3.sinaimg.cn/crop.0.0.720.720.1024/69ed38d9jw8eavde6llhrj20k00k03zn.jpg","verified_reason":"","follow_me":false,"online_status":0,"bi_followers_count":72,"lang":"zh-cn","star":0,"mbtype":2,"mbrank":1,"block_word":0},"mid":"3684891265040336","idstr":"3684891265040336"}},{"created_at":"Wed Mar 05 22:33:21 +0800 2014","id":3684891265040336,"text":"必须开心啊","source":"<a href=\"http://app.weibo.com/t/feed/c66T5g\" rel=\"nofollow\">Android客户端</a>","user":{"id":1777154265,"idstr":"1777154265","class":1,"screen_name":"哎呀呀马年想要个白马齐齐","name":"哎呀呀马年想要个白马齐齐","province":"37","city":"1","location":"山东 济南","description":"迷糊 贪吃 喜欢睡觉的傻孩子。 纠结 想要 逃避 想一个人隐藏起来 爱力宏，爱穆勒，爱你厄。爱小沙，最爱鲁能！","url":"","profile_image_url":"http://tp2.sinaimg.cn/1777154265/50/5680187764/0","cover_image_phone":"http://ww4.sinaimg.cn/crop.0.0.0.640.640/6ce2240djw1e9uwue857ij20hs0hsjuk.jpg","profile_url":"qiruo083forever","domain":"qiruo083forever","weihao":"","gender":"f","followers_count":324,"friends_count":679,"statuses_count":1973,"favourites_count":120,"created_at":"Sat Jul 17 00:57:22 +0800 2010","following":false,"allow_all_act_msg":false,"geo_enabled":true,"verified":false,"verified_type":220,"remark":"","ptype":0,"allow_all_comment":true,"avatar_large":"http://tp2.sinaimg.cn/1777154265/180/5680187764/0","avatar_hd":"http://ww3.sinaimg.cn/crop.0.0.720.720.1024/69ed38d9jw8eavde6llhrj20k00k03zn.jpg","verified_reason":"","follow_me":false,"online_status":0,"bi_followers_count":72,"lang":"zh-cn","star":0,"mbtype":2,"mbrank":1,"block_word":0},"mid":"3684891265040336","idstr":"3684891265040336","status":{"created_at":"Wed Mar 05 21:57:57 +0800 2014","id":3684882351556535,"mid":"3684882351556535","idstr":"3684882351556535","text":"@哎呀呀马年想要个白马齐齐 厄齐尔回到娘家队瞬间开心阿","source":"<a href=\"http://app.weibo.com/t/feed/c66T5g\" rel=\"nofollow\">Android客户端</a>","favorited":false,"truncated":false,"in_reply_to_status_id":"","in_reply_to_user_id":"","in_reply_to_screen_name":"","pic_urls":[],"geo":null,"user":{"id":2291437443,"idstr":"2291437443","class":1,"screen_name":"史里尼奥","name":"史里尼奥","province":"37","city":"1","location":"山东 济南","description":"爱足球、爱国际米兰、爱穆里尼奥；追求自由、追求民主","url":"","profile_image_url":"http://tp4.sinaimg.cn/2291437443/50/5687620623/1","profile_url":"u/2291437443","domain":"","weihao":"","gender":"m","followers_count":88,"friends_count":423,"statuses_count":295,"favourites_count":8,"created_at":"Sun Aug 07 23:37:06 +0800 2011","following":false,"allow_all_act_msg":false,"geo_enabled":true,"verified":false,"verified_type":-1,"remark":"","ptype":0,"allow_all_comment":true,"avatar_large":"http://tp4.sinaimg.cn/2291437443/180/5687620623/1","avatar_hd":"http://ww1.sinaimg.cn/crop.0.196.507.507.1024/88948f83jw1edmtvbd00ij20e30p079z.jpg","verified_reason":"","follow_me":false,"online_status":0,"bi_followers_count":56,"lang":"zh-cn","star":0,"mbtype":0,"mbrank":0,"block_word":0},"retweeted_status":{"created_at":"Wed Mar 05 21:57:00 +0800 2014","id":3684882112708967,"mid":"3684882112708967","idstr":"3684882112708967","text":"厄齐尔更新instagram","source":"<a href=\"http://weibo.com/\" rel=\"nofollow\">新浪微博</a>","favorited":false,"truncated":false,"in_reply_to_status_id":"","in_reply_to_user_id":"","in_reply_to_screen_name":"","pic_urls":[{"thumbnail_pic":"http://ww1.sinaimg.cn/thumbnail/76ab0e8fgw1ee57z4n8i9j20hs0hstam.jpg"}],"thumbnail_pic":"http://ww1.sinaimg.cn/thumbnail/76ab0e8fgw1ee57z4n8i9j20hs0hstam.jpg","bmiddle_pic":"http://ww1.sinaimg.cn/bmiddle/76ab0e8fgw1ee57z4n8i9j20hs0hstam.jpg","original_pic":"http://ww1.sinaimg.cn/large/76ab0e8fgw1ee57z4n8i9j20hs0hstam.jpg","geo":null,"user":{"id":1990921871,"idstr":"1990921871","class":1,"screen_name":"阿森纳新闻","name":"阿森纳新闻","province":"11","city":"8","location":"北京 海淀区","description":"新浪体育滚动播报阿森纳新闻，枪手球迷的互动交流平台。欢迎爆料、投稿，请发私信或者邮件： sports2009@vip.sina.com","url":"","profile_image_url":"http://tp4.sinaimg.cn/1990921871/50/5661907364/1","cover_image":"http://ww1.sinaimg.cn/crop.0.35.980.300/76ab0e8fjw1e7eefegvuzj20r80i4dp7.jpg","profile_url":"arsenalnews","domain":"arsenalnews","weihao":"","gender":"m","followers_count":266258,"friends_count":171,"statuses_count":16253,"favourites_count":104,"created_at":"Fri Feb 25 14:46:48 +0800 2011","following":false,"allow_all_act_msg":true,"geo_enabled":true,"verified":true,"verified_type":3,"remark":"","ptype":0,"allow_all_comment":true,"avatar_large":"http://tp4.sinaimg.cn/1990921871/180/5661907364/1","avatar_hd":"http://tp4.sinaimg.cn/1990921871/180/5661907364/1","verified_reason":"新浪体育滚动播报阿森纳新闻","follow_me":false,"online_status":0,"bi_followers_count":146,"lang":"zh-cn","star":0,"mbtype":0,"mbrank":0,"block_word":0},"reposts_count":0,"comments_count":0,"attitudes_count":0,"mlevel":0,"visible":{"type":0,"list_id":0}},"annotations":[{"client_mblogid":"9ff68626-6d34-41ab-a7ae-a697db3f1917"}],"reposts_count":0,"comments_count":0,"attitudes_count":0,"mlevel":0,"visible":{"type":0,"list_id":0}}}],"marks":[],"hasvisible":false,"previous_cursor":0,"next_cursor":0,"total_number":4}

